#-----------------------------------------------------------
# Vivado v2019.1 (64-bit)
# SW Build 2552052 on Fri May 24 14:49:42 MDT 2019
# IP Build 2548770 on Fri May 24 18:01:18 MDT 2019
# Start of session at: Wed May  3 14:36:48 2023
# Process ID: 7972
# Current directory: C:/Users/sarah/Documents/1. UNIVERSITY/University/EEE4120F/EEE4120F_Practicals/Prac3/project_1
# Command line: vivado.exe -gui_launcher_event rodinguilauncherevent11536 C:\Users\sarah\Documents\1. UNIVERSITY\University\EEE4120F\EEE4120F_Practicals\Prac3\project_1\project_1.xpr
# Log file: C:/Users/sarah/Documents/1. UNIVERSITY/University/EEE4120F/EEE4120F_Practicals/Prac3/project_1/vivado.log
# Journal file: C:/Users/sarah/Documents/1. UNIVERSITY/University/EEE4120F/EEE4120F_Practicals/Prac3/project_1\vivado.jou
#-----------------------------------------------------------
start_gui
open_project {C:/Users/sarah/Documents/1. UNIVERSITY/University/EEE4120F/EEE4120F_Practicals/Prac3/project_1/project_1.xpr}
INFO: [ProjectBase 1-489] The host OS only allows 260 characters in a normal path. The project is stored in a path with more than 80 characters. If you experience issues with IP, Block Designs, or files not being found, please consider moving the project to a location with a shorter path. Alternately consider using the OS subst command to map part of the path to a drive letter.
Current project path is 'C:/Users/sarah/Documents/1. UNIVERSITY/University/EEE4120F/EEE4120F_Practicals/Prac3/project_1'
CRITICAL WARNING: [Project 1-19] Could not find the file 'C:/Users/sarah/Documents/1. UNIVERSITY/University/EEE4120F/EEE4120F_Practicals/EEE4120F/Prac3/Prac3_2_Code/prac3_2_code.srcs/sources_1/new/sine_LUT_values.coe'.
Scanning sources...
Finished scanning sources
WARNING: [filemgmt 56-3] Board Part Repository Path: Could not find the directory 'C:/Users/sarah/.Xilinx/Vivado/2020.2/xhub/board_store/xilinx_board_store'.
INFO: [IP_Flow 19-234] Refreshing IP repositories
INFO: [IP_Flow 19-1704] No user IP repositories specified
INFO: [IP_Flow 19-2313] Loaded Vivado IP repository 'C:/Xilinx/Vivado/2019.1/data/ip'.
open_project: Time (s): cpu = 00:00:21 ; elapsed = 00:00:13 . Memory (MB): peak = 726.531 ; gain = 127.309
update_compile_order -fileset sources_1
open_hw
connect_hw_server
INFO: [Labtools 27-2285] Connecting to hw_server url TCP:localhost:3121
INFO: [Labtools 27-2222] Launching hw_server...
INFO: [Labtools 27-2221] Launch Output:

****** Xilinx hw_server v2019.1
  **** Build date : May 24 2019 at 15:13:31
    ** Copyright 1986-2019 Xilinx, Inc. All Rights Reserved.


exit
INFO: [Common 17-206] Exiting Vivado at Wed May  3 14:41:37 2023...
