#
# A fatal error has been detected by the Java Runtime Environment:
#
#  EXCEPTION_ACCESS_VIOLATION (0xc0000005) at pc=0x00007ffbf5da3370, pid=16412, tid=12392
#
# JRE version: Java(TM) SE Runtime Environment (9.0+11) (build 9.0.4+11)
# Java VM: Java HotSpot(TM) 64-Bit Server VM (9.0.4+11, mixed mode, tiered, compressed oops, g1 gc, windows-amd64)
# Problematic frame:
# C  [librdi_wavedata.dll+0x453370]
#
# No core dump will be written. Minidumps are not enabled by default on client versions of Windows
#
# If you would like to submit a bug report, please visit:
#   http://bugreport.java.com/bugreport/crash.jsp
# The crash happened outside the Java Virtual Machine in native code.
# See problematic frame for where to report the bug.
#

---------------  S U M M A R Y ------------

Command Line: -Dsun.java2d.pmoffscreen=false -Dsun.java2d.xrender=false -Dsun.java2d.d3d=false -Dsun.awt.nopixfmt=true -Dsun.java2d.dpiaware=true -Dsun.java2d.uiScale.enabled=false -Xverify:none -Dswing.aatext=true -XX:-UsePerfData -Djdk.map.althashing.threshold=512 -XX:StringTableSize=4072 --add-opens=java.base/java.nio=ALL-UNNAMED --add-opens=java.desktop/sun.swing=ALL-UNNAMED --add-opens=java.desktop/javax.swing=ALL-UNNAMED --add-opens=java.desktop/javax.swing.tree=ALL-UNNAMED --add-opens=java.desktop/javax.swing.plaf.basic=ALL-UNNAMED --add-opens=java.desktop/javax.swing.plaf.synth=ALL-UNNAMED --add-opens=java.desktop/com.sun.awt=ALL-UNNAMED -XX:NewSize=60m -XX:MaxNewSize=60m -Xms128m -Xmx3072m -Xss5m 

Host: 11th Gen Intel(R) Core(TM) i7-1165G7 @ 2.80GHz, 8 cores, 35G,  Windows 10 , 64 bit Build 22621 (10.0.22621.1485)
Time: Mon Apr 17 13:35:35 2023 South Africa Standard Time elapsed time: 2046 seconds (0d 0h 34m 6s)

---------------  T H R E A D  ---------------

Current thread (0x0000028eb6314800):  JavaThread "AWT-EventQueue-1" [_thread_in_native, id=12392, stack(0x000000a6daa00000,0x000000a6daf00000)]

Stack: [0x000000a6daa00000,0x000000a6daf00000],  sp=0x000000a6daef3a48,  free space=5070k
Native frames: (J=compiled Java code, j=interpreted, Vv=VM code, C=native code)
C  [librdi_wavedata.dll+0x453370]

Java frames: (J=compiled Java code, j=interpreted, Vv=VM code)
J 18550  ui.views.waveform.waveformi.WVExecutive_getGraphicsDataSize(J)J (0 bytes) @ 0x0000028ea6d988a1 [0x0000028ea6d98860+0x0000000000000041]
J 18549 c1 ui.views.waveform.executive.a.gEt()Ljava/io/ByteArrayInputStream; (93 bytes) @ 0x0000028e9fdd9eac [0x0000028e9fdd9dc0+0x00000000000000ec]
J 18675 c1 ui.views.waveform.b.a.gEf()V (142 bytes) @ 0x0000028ea015ce34 [0x0000028ea015cd20+0x0000000000000114]
J 18497 c1 ui.views.waveform.w.cRi()V (38 bytes) @ 0x0000028e9fd8826c [0x0000028e9fd87b00+0x000000000000076c]
J 17856 c1 ui.views.waveform.c.b.j(Lui/frmwork/b/i;)V (603 bytes) @ 0x0000028e9fa86b3c [0x0000028e9fa7d420+0x000000000000971c]
J 17855 c1 ui.views.waveform.w.a(Lui/frmwork/b/i;)V (17 bytes) @ 0x0000028e9ec80314 [0x0000028e9ec80240+0x00000000000000d4]
J 14738 c1 ui.frmwork.b.l.d(Lui/frmwork/b/i;)V (61 bytes) @ 0x0000028ea0a1a79c [0x0000028ea0a19f40+0x000000000000085c]
J 20683 c2 ui.frmwork.HTclEventBroker.i(JZ)V (471 bytes) @ 0x0000028ea6f9366c [0x0000028ea6f92040+0x000000000000162c]
J 14721 c1 ui.frmwork.HTclEventBroker.fireTclEvent(J)I (113 bytes) @ 0x0000028ea0a0a4cc [0x0000028ea0a09cc0+0x000000000000080c]
v  ~StubRoutines::call_stub
j  ui.views.waveform.waveformi.WVExecutive_processModelEvent(JJ)V+0
J 21012 c1 ui.views.waveform.c.b.eD(J)V (109 bytes) @ 0x0000028ea11b5c44 [0x0000028ea11b5b00+0x0000000000000144]
J 17856 c1 ui.views.waveform.c.b.j(Lui/frmwork/b/i;)V (603 bytes) @ 0x0000028e9fa87874 [0x0000028e9fa7d420+0x000000000000a454]
J 17855 c1 ui.views.waveform.w.a(Lui/frmwork/b/i;)V (17 bytes) @ 0x0000028e9ec80314 [0x0000028e9ec80240+0x00000000000000d4]
J 14738 c1 ui.frmwork.b.l.d(Lui/frmwork/b/i;)V (61 bytes) @ 0x0000028ea0a1a79c [0x0000028ea0a19f40+0x000000000000085c]
J 20683 c2 ui.frmwork.HTclEventBroker.i(JZ)V (471 bytes) @ 0x0000028ea6f9366c [0x0000028ea6f92040+0x000000000000162c]
J 14721 c1 ui.frmwork.HTclEventBroker.fireTclEvent(J)I (113 bytes) @ 0x0000028ea0a0a4cc [0x0000028ea0a09cc0+0x000000000000080c]
v  ~StubRoutines::call_stub
j  ui.views.waveform.waveformi.WVExecutive_processModelEvent(JJ)V+0
J 21012 c1 ui.views.waveform.c.b.eD(J)V (109 bytes) @ 0x0000028ea11b5c44 [0x0000028ea11b5b00+0x0000000000000144]
j  ui.views.waveform.c.e.actionPerformed(Ljava/awt/event/ActionEvent;)V+8
J 18786 c2 javax.swing.Timer.fireActionPerformed(Ljava/awt/event/ActionEvent;)V java.desktop@9.0.4 (46 bytes) @ 0x0000028ea6e0db58 [0x0000028ea6e0da40+0x0000000000000118]
J 18781 c2 javax.swing.Timer$DoPostEvent.run()V java.desktop@9.0.4 (82 bytes) @ 0x0000028ea6e0cdec [0x0000028ea6e0cae0+0x000000000000030c]
J 12755 c2 java.awt.EventQueue$3.run()Ljava/lang/Object; java.desktop@9.0.4 (5 bytes) @ 0x0000028ea6684874 [0x0000028ea6684320+0x0000000000000554]
v  ~StubRoutines::call_stub
J 3881  java.security.AccessController.doPrivileged(Ljava/security/PrivilegedAction;Ljava/security/AccessControlContext;)Ljava/lang/Object; java.base@9.0.4 (0 bytes) @ 0x0000028ea5ec9c46 [0x0000028ea5ec9be0+0x0000000000000066]
J 17861 c2 java.awt.EventQueue.dispatchEvent(Ljava/awt/AWTEvent;)V java.desktop@9.0.4 (80 bytes) @ 0x0000028ea6534598 [0x0000028ea6534040+0x0000000000000558]
J 18222 c2 ui.frmwork.b.d.dispatchEvent(Ljava/awt/AWTEvent;)V (34 bytes) @ 0x0000028ea6d135c4 [0x0000028ea6d134c0+0x0000000000000104]
J 20652 c2 java.awt.EventDispatchThread.pumpOneEventForFilters(I)V java.desktop@9.0.4 (218 bytes) @ 0x0000028ea6f799f8 [0x0000028ea6f79680+0x0000000000000378]
J 19892 c1 java.awt.EventDispatchThread.pumpEventsForFilter(ILjava/awt/Conditional;Ljava/awt/EventFilter;)V java.desktop@9.0.4 (47 bytes) @ 0x0000028e9ed48f0c [0x0000028e9ed48c20+0x00000000000002ec]
j  java.awt.EventDispatchThread.pumpEventsForFilter(Ljava/awt/Conditional;Ljava/awt/EventFilter;)V+4 java.desktop@9.0.4
j  java.awt.WaitDispatchSupport$2.run()V+59 java.desktop@9.0.4
j  java.awt.WaitDispatchSupport$4.run()Ljava/lang/Void;+4 java.desktop@9.0.4
j  java.awt.WaitDispatchSupport$4.run()Ljava/lang/Object;+1 java.desktop@9.0.4
v  ~StubRoutines::call_stub
J 1074  java.security.AccessController.doPrivileged(Ljava/security/PrivilegedAction;)Ljava/lang/Object; java.base@9.0.4 (0 bytes) @ 0x0000028ea5cfba32 [0x0000028ea5cfb9e0+0x0000000000000052]
j  java.awt.WaitDispatchSupport.enter()Z+260 java.desktop@9.0.4
j  java.awt.Dialog.show()V+225 java.desktop@9.0.4
J 9955 c1 java.awt.Component.setVisible(Z)V java.desktop@9.0.4 (6 bytes) @ 0x0000028e9fdc2e4c [0x0000028e9fdc2c60+0x00000000000001ec]
j  java.awt.Window.setVisible(Z)V+2 java.desktop@9.0.4
j  java.awt.Dialog.setVisible(Z)V+2 java.desktop@9.0.4
j  ui.b.c.g.setVisible(Z)V+2
j  ui.b.c.by.showDialog()V+64
j  ui.b.c.bF.actionPerformed(Ljava/awt/event/ActionEvent;)V+8
j  ui.b.c.by.cJI()V+396
j  ui.views.c.t.b.a.run()V+60
j  ui.frmwork.a.dWF()Z+66
j  ui.frmwork.V.dYl()V+42
j  ui.bk.actionPerformed(Ljava/awt/event/ActionEvent;)V+25
j  javax.swing.AbstractButton.fireActionPerformed(Ljava/awt/event/ActionEvent;)V+84 java.desktop@9.0.4
j  ui.utils.o.b.B.fireActionPerformed(Ljava/awt/event/ActionEvent;)V+7
j  javax.swing.AbstractButton$Handler.actionPerformed(Ljava/awt/event/ActionEvent;)V+5 java.desktop@9.0.4
j  javax.swing.DefaultButtonModel.fireActionPerformed(Ljava/awt/event/ActionEvent;)V+34 java.desktop@9.0.4
j  javax.swing.DefaultButtonModel.setPressed(Z)V+117 java.desktop@9.0.4
j  javax.swing.plaf.basic.BasicButtonListener.mouseReleased(Ljava/awt/event/MouseEvent;)V+35 java.desktop@9.0.4
j  com.jidesoft.plaf.basic.BasicJideButtonListener.mouseReleased(Ljava/awt/event/MouseEvent;)V+61
J 19850 c1 java.awt.AWTEventMulticaster.mouseReleased(Ljava/awt/event/MouseEvent;)V java.desktop@9.0.4 (27 bytes) @ 0x0000028e9ec1200c [0x0000028e9ec11e00+0x000000000000020c]
J 19850 c1 java.awt.AWTEventMulticaster.mouseReleased(Ljava/awt/event/MouseEvent;)V java.desktop@9.0.4 (27 bytes) @ 0x0000028e9ec1200c [0x0000028e9ec11e00+0x000000000000020c]
J 19850 c1 java.awt.AWTEventMulticaster.mouseReleased(Ljava/awt/event/MouseEvent;)V java.desktop@9.0.4 (27 bytes) @ 0x0000028e9ec1200c [0x0000028e9ec11e00+0x000000000000020c]
J 19850 c1 java.awt.AWTEventMulticaster.mouseReleased(Ljava/awt/event/MouseEvent;)V java.desktop@9.0.4 (27 bytes) @ 0x0000028e9ec1200c [0x0000028e9ec11e00+0x000000000000020c]
J 15999 c1 java.awt.Component.processMouseEvent(Ljava/awt/event/MouseEvent;)V java.desktop@9.0.4 (100 bytes) @ 0x0000028ea0c59934 [0x0000028ea0c595a0+0x0000000000000394]
J 16002 c1 javax.swing.JComponent.processMouseEvent(Ljava/awt/event/MouseEvent;)V java.desktop@9.0.4 (27 bytes) @ 0x0000028ea0c5a1ec [0x0000028ea0c59fe0+0x000000000000020c]
J 19268 c2 java.awt.Container.processEvent(Ljava/awt/AWTEvent;)V java.desktop@9.0.4 (22 bytes) @ 0x0000028ea66d77b8 [0x0000028ea66d76a0+0x0000000000000118]
J 19627 c2 java.awt.Component.dispatchEventImpl(Ljava/awt/AWTEvent;)V java.desktop@9.0.4 (739 bytes) @ 0x0000028ea6e7380c [0x0000028ea6e72ba0+0x0000000000000c6c]
J 16234 c2 java.awt.Container.dispatchEventImpl(Ljava/awt/AWTEvent;)V java.desktop@9.0.4 (129 bytes) @ 0x0000028ea6b48304 [0x0000028ea6b482a0+0x0000000000000064]
J 13006 c2 java.awt.LightweightDispatcher.retargetMouseEvent(Ljava/awt/Component;ILjava/awt/event/MouseEvent;)V java.desktop@9.0.4 (350 bytes) @ 0x0000028ea6765358 [0x0000028ea6764de0+0x0000000000000578]
J 16234 c2 java.awt.Container.dispatchEventImpl(Ljava/awt/AWTEvent;)V java.desktop@9.0.4 (129 bytes) @ 0x0000028ea6b48c58 [0x0000028ea6b482a0+0x00000000000009b8]
J 18638 c2 java.awt.Window.dispatchEventImpl(Ljava/awt/AWTEvent;)V java.desktop@9.0.4 (23 bytes) @ 0x0000028ea6db6d0c [0x0000028ea6db6cc0+0x000000000000004c]
J 12755 c2 java.awt.EventQueue$3.run()Ljava/lang/Object; java.desktop@9.0.4 (5 bytes) @ 0x0000028ea668492c [0x0000028ea6684320+0x000000000000060c]
v  ~StubRoutines::call_stub
J 3881  java.security.AccessController.doPrivileged(Ljava/security/PrivilegedAction;Ljava/security/AccessControlContext;)Ljava/lang/Object; java.base@9.0.4 (0 bytes) @ 0x0000028ea5ec9c46 [0x0000028ea5ec9be0+0x0000000000000066]
J 17588 c2 java.awt.EventQueue$4.run()Ljava/lang/Object; java.desktop@9.0.4 (5 bytes) @ 0x0000028ea6cb1040 [0x0000028ea6cb0de0+0x0000000000000260]
v  ~StubRoutines::call_stub
J 3881  java.security.AccessController.doPrivileged(Ljava/security/PrivilegedAction;Ljava/security/AccessControlContext;)Ljava/lang/Object; java.base@9.0.4 (0 bytes) @ 0x0000028ea5ec9c46 [0x0000028ea5ec9be0+0x0000000000000066]
J 17861 c2 java.awt.EventQueue.dispatchEvent(Ljava/awt/AWTEvent;)V java.desktop@9.0.4 (80 bytes) @ 0x0000028ea65343c0 [0x0000028ea6534040+0x0000000000000380]
J 18222 c2 ui.frmwork.b.d.dispatchEvent(Ljava/awt/AWTEvent;)V (34 bytes) @ 0x0000028ea6d135c4 [0x0000028ea6d134c0+0x0000000000000104]
J 20652 c2 java.awt.EventDispatchThread.pumpOneEventForFilters(I)V java.desktop@9.0.4 (218 bytes) @ 0x0000028ea6f799f8 [0x0000028ea6f79680+0x0000000000000378]
J 19890% c1 java.awt.EventDispatchThread.pumpEventsForFilter(ILjava/awt/Conditional;Ljava/awt/EventFilter;)V java.desktop@9.0.4 (47 bytes) @ 0x0000028e9ed00be4 [0x0000028e9ed008a0+0x0000000000000344]
j  java.awt.EventDispatchThread.pumpEventsForHierarchy(ILjava/awt/Conditional;Ljava/awt/Component;)V+11 java.desktop@9.0.4
j  java.awt.EventDispatchThread.pumpEvents(ILjava/awt/Conditional;)V+4 java.desktop@9.0.4
j  java.awt.EventDispatchThread.pumpEvents(Ljava/awt/Conditional;)V+3 java.desktop@9.0.4
j  java.awt.EventDispatchThread.run()V+9 java.desktop@9.0.4
v  ~StubRoutines::call_stub

siginfo: EXCEPTION_ACCESS_VIOLATION (0xc0000005), data execution prevention violation at address 0x00007ffbf5da3370


Register to memory mapping:

RIP=0x00007ffbf5da3370 librdi_wavedata.dll
RAX=0x00007ffbf5d485e0 librdi_wavedata.dll
RBX=0x000000a6daef3bb0 is pointing into the stack for thread: 0x0000028eb6314800
RCX=0x0000028ec148c7f0 is an unknown value
RDX=0x0000028eb9846590 is an unknown value
RSP=0x000000a6daef3a48 is pointing into the stack for thread: 0x0000028eb6314800
RBP=0x000000a6daef3b70 is pointing into the stack for thread: 0x0000028eb6314800
RSI=0x0000028eb9846590 is an unknown value
RDI=0x0000028ec148c7f0 is an unknown value
R8 =0x000000a6daef3b70 is pointing into the stack for thread: 0x0000028eb6314800
R9 =0x000000a6daef3bb0 is pointing into the stack for thread: 0x0000028eb6314800
R10=0x0000028eb98465a0 is an unknown value
R11=0xff81797a74f9ca7b is an unknown value
R12=0x0000000000000000 is an unknown value
R13=0x0000000000000000 is an unknown value
R14=0x0000028eb9846590 is an unknown value
R15=0x0000000000000001 is an unknown value


Registers:
RAX=0x00007ffbf5d485e0, RBX=0x000000a6daef3bb0, RCX=0x0000028ec148c7f0, RDX=0x0000028eb9846590
RSP=0x000000a6daef3a48, RBP=0x000000a6daef3b70, RSI=0x0000028eb9846590, RDI=0x0000028ec148c7f0
R8 =0x000000a6daef3b70, R9 =0x000000a6daef3bb0, R10=0x0000028eb98465a0, R11=0xff81797a74f9ca7b
R12=0x0000000000000000, R13=0x0000000000000000, R14=0x0000028eb9846590, R15=0x0000000000000001
RIP=0x00007ffbf5da3370, EFLAGS=0x0000000000010206

Top of Stack: (sp=0x000000a6daef3a48)
0x000000a6daef3a48:   00007ffbf5a7eedc 0000028eb6314800
0x000000a6daef3a58:   000000a6daef3ac0 0000028e00000000
0x000000a6daef3a68:   0000028e8a7b4080 00000000bd8a15f8
0x000000a6daef3a78:   000000a6daef3bb0 000000a6daef3b70
0x000000a6daef3a88:   0000028eb9846590 fffffffffffffffe
0x000000a6daef3a98:   00000000615bd8d0 000000070b5ecd40
0x000000a6daef3aa8:   0000000000000008 0000000000000000
0x000000a6daef3ab8:   0000000000000010 0000000000000000
0x000000a6daef3ac8:   0000000000000001 0000000000000000
0x000000a6daef3ad8:   000000a6daef3b89 0000028e8a8b0000
0x000000a6daef3ae8:   00007ffcf8f8c7aa 0000028e8a7b0000
0x000000a6daef3af8:   0000028e00000002 00002e0bc6839372
0x000000a6daef3b08:   0000000000000000 0000028e8f568930
0x000000a6daef3b18:   000000a6daef3c88 0000028e91cb8920
0x000000a6daef3b28:   000000a6daef3bb9 000000a6daef3c70
0x000000a6daef3b38:   00007ffbf5a75fc7 000000000000004f 

Instructions: (pc=0x00007ffbf5da3370)
0x00007ffbf5da3350:   00 00 00 00 ff ff ff ff 00 00 00 00 40 00 00 00
0x00007ffbf5da3360:   20 33 45 00 00 00 00 00 00 00 00 00 00 00 00 00
0x00007ffbf5da3370:   01 00 00 00 00 00 00 00 00 00 00 00 10 8a 58 00
0x00007ffbf5da3380:   98 33 45 00 70 33 45 00 00 00 00 00 00 00 00 00 



---------------  P R O C E S S  ---------------

Java Threads: ( => current thread )
  0x0000028ebaa5a000 JavaThread "Relaunch Simulation" [_thread_in_native, id=27592, stack(0x000000a6dc200000,0x000000a6dc700000)]
  0x0000028ebaa64800 JavaThread "Image Animator 0" daemon [_thread_blocked, id=14132, stack(0x000000a6dfd00000,0x000000a6e0200000)]
  0x0000028ebaa5b800 JavaThread "Monitor File Timestamp Swing Worker" [_thread_blocked, id=31412, stack(0x000000a6dee00000,0x000000a6df300000)]
  0x0000028ebaa61800 JavaThread "Timer-1" [_thread_blocked, id=28008, stack(0x000000a6de400000,0x000000a6de900000)]
  0x0000028ebaa5e800 JavaThread "Refresh Filesets Swing Worker" [_thread_blocked, id=18452, stack(0x000000a6dd500000,0x000000a6dda00000)]
  0x0000028ebaa5e000 JavaThread "SyntheticaAnimation 50" daemon [_thread_blocked, id=280, stack(0x000000a6d9b00000,0x000000a6da000000)]
  0x0000028ebaa64000 JavaThread "Update Runs Swing Worker" [_thread_blocked, id=144, stack(0x000000a6de900000,0x000000a6dee00000)]
  0x0000028ebaa5a800 JavaThread "hw_ila_monitor" [_thread_blocked, id=24520, stack(0x000000a6dda00000,0x000000a6ddf00000)]
  0x0000028ebaa57000 JavaThread "SyntheticaAnimation 70" daemon [_thread_blocked, id=27192, stack(0x000000a6dbc00000,0x000000a6dc100000)]
  0x0000028ebaa5d000 JavaThread "Swing-Shell" daemon [_thread_blocked, id=6160, stack(0x000000a6daf00000,0x000000a6db400000)]
  0x0000028ebaa5c000 JavaThread "SyntheticaAnimation 25" daemon [_thread_blocked, id=1460, stack(0x000000a6dd000000,0x000000a6dd500000)]
  0x0000028ebaa58800 JavaThread "SyntheticaAnimation 50" daemon [_thread_blocked, id=25976, stack(0x000000a6dcb00000,0x000000a6dd000000)]
  0x0000028eb7db4000 JavaThread "SyntheticaCleanerThread" daemon [_thread_blocked, id=32704, stack(0x000000a6db400000,0x000000a6db900000)]
  0x0000028eb7db4800 JavaThread "Batik CleanerThread" daemon [_thread_blocked, id=20240, stack(0x000000a6da000000,0x000000a6da500000)]
=>0x0000028eb6314800 JavaThread "AWT-EventQueue-1" [_thread_in_native, id=12392, stack(0x000000a6daa00000,0x000000a6daf00000)]
  0x0000028eb67a5800 JavaThread "Process Messages" [_thread_blocked, id=23032, stack(0x000000a6da500000,0x000000a6daa00000)]
  0x0000028eb788e800 JavaThread "Thread-1" [_thread_in_native, id=29300, stack(0x000000a6d3300000,0x000000a6d4700000)]
  0x0000028eb6315800 JavaThread "TimerQueue" daemon [_thread_blocked, id=29148, stack(0x000000a6d9600000,0x000000a6d9b00000)]
  0x0000028eb5cea000 JavaThread "AWT-Windows" daemon [_thread_in_native, id=28600, stack(0x000000a6d9100000,0x000000a6d9600000)]
  0x0000028eb5a94800 JavaThread "AWT-Shutdown" [_thread_blocked, id=22988, stack(0x000000a6d8c00000,0x000000a6d9100000)]
  0x0000028eb5dad800 JavaThread "Java2D Disposer" daemon [_thread_blocked, id=2660, stack(0x000000a6d8700000,0x000000a6d8c00000)]
  0x0000028eb5b77800 JavaThread "Service Thread" daemon [_thread_blocked, id=29676, stack(0x000000a6d8100000,0x000000a6d8600000)]
  0x0000028e94179000 JavaThread "Common-Cleaner" daemon [_thread_blocked, id=31732, stack(0x000000a6d7c00000,0x000000a6d8100000)]
  0x0000028e94178000 JavaThread "Sweeper thread" daemon [_thread_blocked, id=23508, stack(0x000000a6d7700000,0x000000a6d7c00000)]
  0x0000028e94176000 JavaThread "C1 CompilerThread3" daemon [_thread_blocked, id=7436, stack(0x000000a6d7600000,0x000000a6d7700000)]
  0x0000028e94174800 JavaThread "C2 CompilerThread2" daemon [_thread_blocked, id=9008, stack(0x000000a6d7500000,0x000000a6d7600000)]
  0x0000028e94173000 JavaThread "C2 CompilerThread1" daemon [_thread_blocked, id=7612, stack(0x000000a6d7400000,0x000000a6d7500000)]
  0x0000028e94172000 JavaThread "C2 CompilerThread0" daemon [_thread_blocked, id=25016, stack(0x000000a6d7300000,0x000000a6d7400000)]
  0x0000028e922ce000 JavaThread "Attach Listener" daemon [_thread_blocked, id=30204, stack(0x000000a6d6e00000,0x000000a6d7300000)]
  0x0000028e922cd800 JavaThread "Signal Dispatcher" daemon [_thread_blocked, id=14488, stack(0x000000a6d6900000,0x000000a6d6e00000)]
  0x0000028e94067000 JavaThread "Finalizer" daemon [_thread_blocked, id=23704, stack(0x000000a6d6400000,0x000000a6d6900000)]
  0x0000028e974b0000 JavaThread "Reference Handler" daemon [_thread_blocked, id=20116, stack(0x000000a6d5f00000,0x000000a6d6400000)]
  0x0000028e93e80800 JavaThread "main" [_thread_blocked, id=8068, stack(0x000000a6d3200000,0x000000a6d3300000)]

Other Threads:
  0x0000028e9228b800 VMThread "VM Thread" [stack: 0x000000a6d5e00000,0x000000a6d5f00000] [id=8764]
  0x0000028e92326000 WatcherThread [stack: 0x000000a6d8600000,0x000000a6d8700000] [id=23240]
  0x0000028e96971800 GCTaskThread "GC Thread#0" [stack: 0x000000a6d4a00000,0x000000a6d4b00000] [id=3936]
  0x0000028e94854000 GCTaskThread "GC Thread#1" [stack: 0x000000a6d4b00000,0x000000a6d4c00000] [id=13500]
  0x0000028e8fab8000 GCTaskThread "GC Thread#2" [stack: 0x000000a6d4c00000,0x000000a6d4d00000] [id=14368]
  0x0000028e9744c800 GCTaskThread "GC Thread#3" [stack: 0x000000a6d4d00000,0x000000a6d4e00000] [id=5716]
  0x0000028e9435e800 GCTaskThread "GC Thread#4" [stack: 0x000000a6d4e00000,0x000000a6d4f00000] [id=26656]
  0x0000028e9435f800 GCTaskThread "GC Thread#5" [stack: 0x000000a6d4f00000,0x000000a6d5000000] [id=13792]
  0x0000028e9708b000 GCTaskThread "GC Thread#6" [stack: 0x000000a6d5000000,0x000000a6d5100000] [id=29460]
  0x0000028e8f76c000 GCTaskThread "GC Thread#7" [stack: 0x000000a6d5100000,0x000000a6d5200000] [id=23224]
  0x0000028e93974800 ConcurrentGCThread "G1 Main Marker" [stack: 0x000000a6d5b00000,0x000000a6d5c00000] [id=9792]
  0x0000028e93975000 ConcurrentGCThread "G1 Marker#0" [stack: 0x000000a6d5c00000,0x000000a6d5d00000] [id=24440]
  0x0000028e96ebf800 ConcurrentGCThread "G1 Marker#1" [stack: 0x000000a6d5d00000,0x000000a6d5e00000] [id=27820]
  0x0000028e93fff800 ConcurrentGCThread "G1 Refine#0" [stack: 0x000000a6d5900000,0x000000a6d5a00000] [id=19412]
  0x0000028e93fff000 ConcurrentGCThread "G1 Refine#1" [stack: 0x000000a6d5800000,0x000000a6d5900000] [id=18044]
  0x0000028e93ffe800 ConcurrentGCThread "G1 Refine#2" [stack: 0x000000a6d5700000,0x000000a6d5800000] [id=12220]
  0x0000028e96c9a800 ConcurrentGCThread "G1 Refine#3" [stack: 0x000000a6d5600000,0x000000a6d5700000] [id=26724]
  0x0000028e96c99800 ConcurrentGCThread "G1 Refine#4" [stack: 0x000000a6d5500000,0x000000a6d5600000] [id=30532]
  0x0000028e9455d800 ConcurrentGCThread "G1 Refine#5" [stack: 0x000000a6d5400000,0x000000a6d5500000] [id=18812]
  0x0000028e9455d000 ConcurrentGCThread "G1 Refine#6" [stack: 0x000000a6d5300000,0x000000a6d5400000] [id=6184]
  0x0000028e9455c800 ConcurrentGCThread "G1 Refine#7" [stack: 0x000000a6d5200000,0x000000a6d5300000] [id=25784]
  0x0000028e971b8000 ConcurrentGCThread "G1 Young RemSet Sampling" [stack: 0x000000a6d5a00000,0x000000a6d5b00000] [id=11092]

Threads with active compile tasks:

VM state:not at safepoint (normal execution)

VM Mutex/Monitor currently owned by a thread: None

Heap address: 0x0000000700000000, size: 3072 MB, Compressed Oops mode: Zero based, Oop shift amount: 3
Narrow klass base: 0x0000000000000000, Narrow klass shift: 3
Compressed class space size: 1073741824 Address: 0x00000007c0000000

Heap:
 garbage-first heap   total 227328K, used 114183K [0x0000000700000000, 0x00000007001006f0, 0x00000007c0000000)
  region size 1024K, 44 young (45056K), 1 survivors (1024K)
 Metaspace       used 82929K, capacity 89527K, committed 89676K, reserved 1126400K
  class space    used 11374K, capacity 12514K, committed 12620K, reserved 1048576K
Heap Regions: E=young(eden), S=young(survivor), O=old, HS=humongous(starts), HC=humongous(continues), CS=collection set, F=free, A=archive, TS=gc time stamp, AC=allocation context, TAMS=top-at-mark-start (previous, next)
|   0|0x0000000700000000, 0x00000007000fffe0, 0x0000000700100000| 99%| O|  |TS  0|AC  0|TAMS 0x0000000700000000, 0x0000000700000000|
|   1|0x0000000700100000, 0x0000000700200000, 0x0000000700200000|100%|HS|  |TS  0|AC  0|TAMS 0x0000000700100000, 0x0000000700100000|
|   2|0x0000000700200000, 0x0000000700300000, 0x0000000700300000|100%|HC|  |TS  0|AC  0|TAMS 0x0000000700200000, 0x0000000700200000|
|   3|0x0000000700300000, 0x0000000700400000, 0x0000000700400000|100%|HS|  |TS  0|AC  0|TAMS 0x0000000700300000, 0x0000000700300000|
|   4|0x0000000700400000, 0x00000007004ffff8, 0x0000000700500000| 99%| O|  |TS  0|AC  0|TAMS 0x0000000700400000, 0x0000000700400000|
|   5|0x0000000700500000, 0x00000007005fffe0, 0x0000000700600000| 99%| O|  |TS  0|AC  0|TAMS 0x0000000700500000, 0x0000000700500000|
|   6|0x0000000700600000, 0x00000007006ffff8, 0x0000000700700000| 99%| O|  |TS  0|AC  0|TAMS 0x0000000700600000, 0x0000000700600000|
|   7|0x0000000700700000, 0x00000007007ffff0, 0x0000000700800000| 99%| O|  |TS  0|AC  0|TAMS 0x0000000700700000, 0x0000000700700000|
|   8|0x0000000700800000, 0x0000000700900000, 0x0000000700900000|100%| O|  |TS  0|AC  0|TAMS 0x0000000700800000, 0x0000000700800000|
|   9|0x0000000700900000, 0x00000007009f3b80, 0x0000000700a00000| 95%| O|  |TS  0|AC  0|TAMS 0x0000000700900000, 0x0000000700900000|
|  10|0x0000000700a00000, 0x0000000700ad1328, 0x0000000700b00000| 81%| O|  |TS  0|AC  0|TAMS 0x0000000700a00000, 0x0000000700a00000|
|  11|0x0000000700b00000, 0x0000000700bffff0, 0x0000000700c00000| 99%| O|  |TS  0|AC  0|TAMS 0x0000000700b00000, 0x0000000700b00000|
|  12|0x0000000700c00000, 0x0000000700d00000, 0x0000000700d00000|100%|HS|  |TS  0|AC  0|TAMS 0x0000000700c00000, 0x0000000700c00000|
|  13|0x0000000700d00000, 0x0000000700dfd8c0, 0x0000000700e00000| 99%| O|  |TS  0|AC  0|TAMS 0x0000000700d00000, 0x0000000700d00000|
|  14|0x0000000700e00000, 0x0000000700ec2a08, 0x0000000700f00000| 76%| O|  |TS  0|AC  0|TAMS 0x0000000700e00000, 0x0000000700e00000|
|  15|0x0000000700f00000, 0x0000000700ffaf58, 0x0000000701000000| 98%| O|  |TS  0|AC  0|TAMS 0x0000000700f00000, 0x0000000700f00000|
|  16|0x0000000701000000, 0x00000007010f33a8, 0x0000000701100000| 95%| O|  |TS  0|AC  0|TAMS 0x0000000701000000, 0x0000000701000000|
|  17|0x0000000701100000, 0x00000007011ffff0, 0x0000000701200000| 99%| O|  |TS  0|AC  0|TAMS 0x0000000701100000, 0x0000000701100000|
|  18|0x0000000701200000, 0x00000007012ffe30, 0x0000000701300000| 99%| O|  |TS  0|AC  0|TAMS 0x0000000701200000, 0x0000000701200000|
|  19|0x0000000701300000, 0x00000007013fff88, 0x0000000701400000| 99%| O|  |TS  0|AC  0|TAMS 0x0000000701300000, 0x0000000701300000|
|  20|0x0000000701400000, 0x00000007014ffce8, 0x0000000701500000| 99%| O|  |TS  0|AC  0|TAMS 0x0000000701400000, 0x0000000701400000|
|  21|0x0000000701500000, 0x00000007015ffff8, 0x0000000701600000| 99%| O|  |TS  0|AC  0|TAMS 0x0000000701500000, 0x0000000701500000|
|  22|0x0000000701600000, 0x00000007016fffc8, 0x0000000701700000| 99%| O|  |TS  0|AC  0|TAMS 0x0000000701600000, 0x0000000701600000|
|  23|0x0000000701700000, 0x00000007017fffe8, 0x0000000701800000| 99%| O|  |TS  0|AC  0|TAMS 0x0000000701700000, 0x0000000701700000|
|  24|0x0000000701800000, 0x00000007018fffd0, 0x0000000701900000| 99%| O|  |TS  0|AC  0|TAMS 0x0000000701800000, 0x0000000701800000|
|  25|0x0000000701900000, 0x00000007019ffff8, 0x0000000701a00000| 99%| O|  |TS  0|AC  0|TAMS 0x0000000701900000, 0x0000000701900000|
|  26|0x0000000701a00000, 0x0000000701b00000, 0x0000000701b00000|100%| O|  |TS  0|AC  0|TAMS 0x0000000701a00000, 0x0000000701a00000|
|  27|0x0000000701b00000, 0x0000000701bffff0, 0x0000000701c00000| 99%| O|  |TS  0|AC  0|TAMS 0x0000000701b00000, 0x0000000701b00000|
|  28|0x0000000701c00000, 0x0000000701cffff8, 0x0000000701d00000| 99%| O|  |TS  0|AC  0|TAMS 0x0000000701c00000, 0x0000000701c00000|
|  29|0x0000000701d00000, 0x0000000701dffe90, 0x0000000701e00000| 99%| O|  |TS  0|AC  0|TAMS 0x0000000701d00000, 0x0000000701d00000|
|  30|0x0000000701e00000, 0x0000000701effff0, 0x0000000701f00000| 99%| O|  |TS  0|AC  0|TAMS 0x0000000701e00000, 0x0000000701e00000|
|  31|0x0000000701f00000, 0x0000000701ffff28, 0x0000000702000000| 99%| O|  |TS  0|AC  0|TAMS 0x0000000701f00000, 0x0000000701f00000|
|  32|0x0000000702000000, 0x00000007020fff20, 0x0000000702100000| 99%| O|  |TS  0|AC  0|TAMS 0x0000000702000000, 0x0000000702000000|
|  33|0x0000000702100000, 0x00000007021fffe8, 0x0000000702200000| 99%| O|  |TS  0|AC  0|TAMS 0x0000000702100000, 0x0000000702100000|
|  34|0x0000000702200000, 0x00000007022ffff0, 0x0000000702300000| 99%| O|  |TS  0|AC  0|TAMS 0x0000000702200000, 0x0000000702200000|
|  35|0x0000000702300000, 0x00000007023ffff0, 0x0000000702400000| 99%| O|  |TS  0|AC  0|TAMS 0x0000000702300000, 0x0000000702300000|
|  36|0x0000000702400000, 0x00000007024fffe0, 0x0000000702500000| 99%| O|  |TS  0|AC  0|TAMS 0x0000000702400000, 0x0000000702400000|
|  37|0x0000000702500000, 0x00000007025ffed0, 0x0000000702600000| 99%| O|  |TS  0|AC  0|TAMS 0x0000000702500000, 0x0000000702500000|
|  38|0x0000000702600000, 0x0000000702700000, 0x0000000702700000|100%| O|  |TS  0|AC  0|TAMS 0x0000000702600000, 0x0000000702600000|
|  39|0x0000000702700000, 0x00000007027fffc0, 0x0000000702800000| 99%| O|  |TS  0|AC  0|TAMS 0x0000000702700000, 0x0000000702700000|
|  40|0x0000000702800000, 0x00000007028fdc20, 0x0000000702900000| 99%| O|  |TS  0|AC  0|TAMS 0x0000000702800000, 0x0000000702800000|
|  41|0x0000000702900000, 0x0000000702a00000, 0x0000000702a00000|100%| O|  |TS  0|AC  0|TAMS 0x0000000702900000, 0x0000000702900000|
|  42|0x0000000702a00000, 0x0000000702affff0, 0x0000000702b00000| 99%| O|  |TS  0|AC  0|TAMS 0x0000000702a00000, 0x0000000702a00000|
|  43|0x0000000702b00000, 0x0000000702bfffd0, 0x0000000702c00000| 99%| O|  |TS  0|AC  0|TAMS 0x0000000702b00000, 0x0000000702b00000|
|  44|0x0000000702c00000, 0x0000000702cfffe8, 0x0000000702d00000| 99%| O|  |TS  0|AC  0|TAMS 0x0000000702c00000, 0x0000000702c00000|
|  45|0x0000000702d00000, 0x0000000702dffff0, 0x0000000702e00000| 99%| O|  |TS  0|AC  0|TAMS 0x0000000702d00000, 0x0000000702d00000|
|  46|0x0000000702e00000, 0x0000000702ef6d20, 0x0000000702f00000| 96%| O|  |TS  0|AC  0|TAMS 0x0000000702e00000, 0x0000000702e00000|
|  47|0x0000000702f00000, 0x0000000702ffffc0, 0x0000000703000000| 99%| O|  |TS  0|AC  0|TAMS 0x0000000702f00000, 0x0000000702f00000|
|  48|0x0000000703000000, 0x00000007030fffe8, 0x0000000703100000| 99%| O|  |TS  0|AC  0|TAMS 0x0000000703000000, 0x0000000703000000|
|  49|0x0000000703100000, 0x0000000703200000, 0x0000000703200000|100%| O|  |TS  0|AC  0|TAMS 0x0000000703100000, 0x0000000703100000|
|  50|0x0000000703200000, 0x00000007032fffe8, 0x0000000703300000| 99%| O|  |TS  0|AC  0|TAMS 0x0000000703200000, 0x0000000703200000|
|  51|0x0000000703300000, 0x0000000703400000, 0x0000000703400000|100%| O|  |TS  0|AC  0|TAMS 0x0000000703300000, 0x0000000703300000|
|  52|0x0000000703400000, 0x00000007034ffff0, 0x0000000703500000| 99%| O|  |TS  0|AC  0|TAMS 0x0000000703400000, 0x0000000703400000|
|  53|0x0000000703500000, 0x00000007035fffb8, 0x0000000703600000| 99%| O|  |TS  0|AC  0|TAMS 0x0000000703500000, 0x0000000703500000|
|  54|0x0000000703600000, 0x00000007036ffff8, 0x0000000703700000| 99%| O|  |TS  0|AC  0|TAMS 0x0000000703600000, 0x0000000703600000|
|  55|0x0000000703700000, 0x00000007037a6ab8, 0x0000000703800000| 65%| O|  |TS  0|AC  0|TAMS 0x0000000703700000, 0x0000000703700000|
|  56|0x0000000703800000, 0x0000000703900000, 0x0000000703900000|100%|HS|  |TS  0|AC  0|TAMS 0x0000000703800000, 0x0000000703800000|
|  57|0x0000000703900000, 0x0000000703a00000, 0x0000000703a00000|100%|HC|  |TS  0|AC  0|TAMS 0x0000000703900000, 0x0000000703900000|
|  58|0x0000000703a00000, 0x0000000703b00000, 0x0000000703b00000|100%|HC|  |TS  0|AC  0|TAMS 0x0000000703a00000, 0x0000000703a00000|
|  59|0x0000000703b00000, 0x0000000703c00000, 0x0000000703c00000|100%|HC|  |TS  0|AC  0|TAMS 0x0000000703b00000, 0x0000000703b00000|
|  60|0x0000000703c00000, 0x0000000703d00000, 0x0000000703d00000|100%|HC|  |TS  0|AC  0|TAMS 0x0000000703c00000, 0x0000000703c00000|
|  61|0x0000000703d00000, 0x0000000703e00000, 0x0000000703e00000|100%|HC|  |TS  0|AC  0|TAMS 0x0000000703d00000, 0x0000000703d00000|
|  62|0x0000000703e00000, 0x0000000703e00000, 0x0000000703f00000|  0%| F|  |TS  0|AC  0|TAMS 0x0000000703e00000, 0x0000000703e00000|
|  63|0x0000000703f00000, 0x0000000703f00000, 0x0000000704000000|  0%| F|  |TS  0|AC  0|TAMS 0x0000000703f00000, 0x0000000703f00000|
|  64|0x0000000704000000, 0x0000000704000000, 0x0000000704100000|  0%| F|  |TS  0|AC  0|TAMS 0x0000000704000000, 0x0000000704000000|
|  65|0x0000000704100000, 0x0000000704100000, 0x0000000704200000|  0%| F|  |TS  0|AC  0|TAMS 0x0000000704100000, 0x0000000704100000|
|  66|0x0000000704200000, 0x0000000704300000, 0x0000000704300000|100%|HS|  |TS  0|AC  0|TAMS 0x0000000704200000, 0x0000000704200000|
|  67|0x0000000704300000, 0x0000000704400000, 0x0000000704400000|100%|HC|  |TS  0|AC  0|TAMS 0x0000000704300000, 0x0000000704300000|
|  68|0x0000000704400000, 0x0000000704500000, 0x0000000704500000|100%|HC|  |TS  0|AC  0|TAMS 0x0000000704400000, 0x0000000704400000|
|  69|0x0000000704500000, 0x0000000704600000, 0x0000000704600000|100%|HC|  |TS  0|AC  0|TAMS 0x0000000704500000, 0x0000000704500000|
|  70|0x0000000704600000, 0x0000000704700000, 0x0000000704700000|100%|HC|  |TS  0|AC  0|TAMS 0x0000000704600000, 0x0000000704600000|
|  71|0x0000000704700000, 0x0000000704800000, 0x0000000704800000|100%|HC|  |TS  0|AC  0|TAMS 0x0000000704700000, 0x0000000704700000|
|  72|0x0000000704800000, 0x0000000704900000, 0x0000000704900000|100%|HC|  |TS  0|AC  0|TAMS 0x0000000704800000, 0x0000000704800000|
|  73|0x0000000704900000, 0x0000000704a00000, 0x0000000704a00000|100%|HC|  |TS  0|AC  0|TAMS 0x0000000704900000, 0x0000000704900000|
|  74|0x0000000704a00000, 0x0000000704a00000, 0x0000000704b00000|  0%| F|  |TS  0|AC  0|TAMS 0x0000000704a00000, 0x0000000704a00000|
|  75|0x0000000704b00000, 0x0000000704b00000, 0x0000000704c00000|  0%| F|  |TS  0|AC  0|TAMS 0x0000000704b00000, 0x0000000704b00000|
|  76|0x0000000704c00000, 0x0000000704c00000, 0x0000000704d00000|  0%| F|  |TS  0|AC  0|TAMS 0x0000000704c00000, 0x0000000704c00000|
|  77|0x0000000704d00000, 0x0000000704d00000, 0x0000000704e00000|  0%| F|  |TS  0|AC  0|TAMS 0x0000000704d00000, 0x0000000704d00000|
|  78|0x0000000704e00000, 0x0000000704e00000, 0x0000000704f00000|  0%| F|  |TS  0|AC  0|TAMS 0x0000000704e00000, 0x0000000704e00000|
|  79|0x0000000704f00000, 0x0000000704f00000, 0x0000000705000000|  0%| F|  |TS  0|AC  0|TAMS 0x0000000704f00000, 0x0000000704f00000|
|  80|0x0000000705000000, 0x0000000705000000, 0x0000000705100000|  0%| F|  |TS  0|AC  0|TAMS 0x0000000705000000, 0x0000000705000000|
|  81|0x0000000705100000, 0x0000000705100000, 0x0000000705200000|  0%| F|  |TS  0|AC  0|TAMS 0x0000000705100000, 0x0000000705100000|
|  82|0x0000000705200000, 0x0000000705200000, 0x0000000705300000|  0%| F|  |TS  0|AC  0|TAMS 0x0000000705200000, 0x0000000705200000|
|  83|0x0000000705300000, 0x0000000705300000, 0x0000000705400000|  0%| F|  |TS  0|AC  0|TAMS 0x0000000705300000, 0x0000000705300000|
|  84|0x0000000705400000, 0x0000000705400000, 0x0000000705500000|  0%| F|  |TS  0|AC  0|TAMS 0x0000000705400000, 0x0000000705400000|
|  85|0x0000000705500000, 0x0000000705500000, 0x0000000705600000|  0%| F|  |TS  0|AC  0|TAMS 0x0000000705500000, 0x0000000705500000|
|  86|0x0000000705600000, 0x0000000705600000, 0x0000000705700000|  0%| F|  |TS  0|AC  0|TAMS 0x0000000705600000, 0x0000000705600000|
|  87|0x0000000705700000, 0x0000000705700000, 0x0000000705800000|  0%| F|  |TS  0|AC  0|TAMS 0x0000000705700000, 0x0000000705700000|
|  88|0x0000000705800000, 0x0000000705800000, 0x0000000705900000|  0%| F|  |TS  0|AC  0|TAMS 0x0000000705800000, 0x0000000705800000|
|  89|0x0000000705900000, 0x0000000705900000, 0x0000000705a00000|  0%| F|  |TS  0|AC  0|TAMS 0x0000000705900000, 0x0000000705900000|
|  90|0x0000000705a00000, 0x0000000705a00000, 0x0000000705b00000|  0%| F|  |TS  0|AC  0|TAMS 0x0000000705a00000, 0x0000000705a00000|
|  91|0x0000000705b00000, 0x0000000705b00000, 0x0000000705c00000|  0%| F|  |TS  0|AC  0|TAMS 0x0000000705b00000, 0x0000000705b00000|
|  92|0x0000000705c00000, 0x0000000705c00000, 0x0000000705d00000|  0%| F|  |TS  0|AC  0|TAMS 0x0000000705c00000, 0x0000000705c00000|
|  93|0x0000000705d00000, 0x0000000705d00000, 0x0000000705e00000|  0%| F|  |TS  0|AC  0|TAMS 0x0000000705d00000, 0x0000000705d00000|
|  94|0x0000000705e00000, 0x0000000705e00000, 0x0000000705f00000|  0%| F|  |TS  0|AC  0|TAMS 0x0000000705e00000, 0x0000000705e00000|
|  95|0x0000000705f00000, 0x0000000705f00000, 0x0000000706000000|  0%| F|  |TS  0|AC  0|TAMS 0x0000000705f00000, 0x0000000705f00000|
|  96|0x0000000706000000, 0x0000000706000000, 0x0000000706100000|  0%| F|  |TS  0|AC  0|TAMS 0x0000000706000000, 0x0000000706000000|
|  97|0x0000000706100000, 0x0000000706100000, 0x0000000706200000|  0%| F|  |TS  0|AC  0|TAMS 0x0000000706100000, 0x0000000706100000|
|  98|0x0000000706200000, 0x0000000706200000, 0x0000000706300000|  0%| F|  |TS  0|AC  0|TAMS 0x0000000706200000, 0x0000000706200000|
|  99|0x0000000706300000, 0x0000000706300000, 0x0000000706400000|  0%| F|  |TS  0|AC  0|TAMS 0x0000000706300000, 0x0000000706300000|
| 100|0x0000000706400000, 0x0000000706400000, 0x0000000706500000|  0%| F|  |TS  0|AC  0|TAMS 0x0000000706400000, 0x0000000706400000|
| 101|0x0000000706500000, 0x0000000706500000, 0x0000000706600000|  0%| F|  |TS  0|AC  0|TAMS 0x0000000706500000, 0x0000000706500000|
| 102|0x0000000706600000, 0x0000000706600000, 0x0000000706700000|  0%| F|  |TS  0|AC  0|TAMS 0x0000000706600000, 0x0000000706600000|
| 103|0x0000000706700000, 0x0000000706700000, 0x0000000706800000|  0%| F|  |TS  0|AC  0|TAMS 0x0000000706700000, 0x0000000706700000|
| 104|0x0000000706800000, 0x0000000706800000, 0x0000000706900000|  0%| F|  |TS  0|AC  0|TAMS 0x0000000706800000, 0x0000000706800000|
| 105|0x0000000706900000, 0x0000000706900000, 0x0000000706a00000|  0%| F|  |TS  0|AC  0|TAMS 0x0000000706900000, 0x0000000706900000|
| 106|0x0000000706a00000, 0x0000000706a00000, 0x0000000706b00000|  0%| F|  |TS  0|AC  0|TAMS 0x0000000706a00000, 0x0000000706a00000|
| 107|0x0000000706b00000, 0x0000000706b00000, 0x0000000706c00000|  0%| F|  |TS  0|AC  0|TAMS 0x0000000706b00000, 0x0000000706b00000|
| 108|0x0000000706c00000, 0x0000000706c00000, 0x0000000706d00000|  0%| F|  |TS  0|AC  0|TAMS 0x0000000706c00000, 0x0000000706c00000|
| 109|0x0000000706d00000, 0x0000000706d00000, 0x0000000706e00000|  0%| F|  |TS  0|AC  0|TAMS 0x0000000706d00000, 0x0000000706d00000|
| 110|0x0000000706e00000, 0x0000000706e00000, 0x0000000706f00000|  0%| F|  |TS  0|AC  0|TAMS 0x0000000706e00000, 0x0000000706e00000|
| 111|0x0000000706f00000, 0x0000000706f00000, 0x0000000707000000|  0%| F|  |TS  0|AC  0|TAMS 0x0000000706f00000, 0x0000000706f00000|
| 112|0x0000000707000000, 0x0000000707000000, 0x0000000707100000|  0%| F|  |TS  0|AC  0|TAMS 0x0000000707000000, 0x0000000707000000|
| 113|0x0000000707100000, 0x0000000707100000, 0x0000000707200000|  0%| F|  |TS  0|AC  0|TAMS 0x0000000707100000, 0x0000000707100000|
| 114|0x0000000707200000, 0x0000000707200000, 0x0000000707300000|  0%| F|  |TS  0|AC  0|TAMS 0x0000000707200000, 0x0000000707200000|
| 115|0x0000000707300000, 0x0000000707300000, 0x0000000707400000|  0%| F|  |TS  0|AC  0|TAMS 0x0000000707300000, 0x0000000707300000|
| 116|0x0000000707400000, 0x0000000707400000, 0x0000000707500000|  0%| F|  |TS  0|AC  0|TAMS 0x0000000707400000, 0x0000000707400000|
| 117|0x0000000707500000, 0x0000000707500000, 0x0000000707600000|  0%| F|  |TS  0|AC  0|TAMS 0x0000000707500000, 0x0000000707500000|
| 118|0x0000000707600000, 0x0000000707600000, 0x0000000707700000|  0%| F|  |TS  0|AC  0|TAMS 0x0000000707600000, 0x0000000707600000|
| 119|0x0000000707700000, 0x0000000707700000, 0x0000000707800000|  0%| F|  |TS  0|AC  0|TAMS 0x0000000707700000, 0x0000000707700000|
| 120|0x0000000707800000, 0x0000000707800000, 0x0000000707900000|  0%| F|  |TS  0|AC  0|TAMS 0x0000000707800000, 0x0000000707800000|
| 121|0x0000000707900000, 0x0000000707900000, 0x0000000707a00000|  0%| F|  |TS  0|AC  0|TAMS 0x0000000707900000, 0x0000000707900000|
| 122|0x0000000707a00000, 0x0000000707a00000, 0x0000000707b00000|  0%| F|  |TS  0|AC  0|TAMS 0x0000000707a00000, 0x0000000707a00000|
| 123|0x0000000707b00000, 0x0000000707b00000, 0x0000000707c00000|  0%| F|  |TS  0|AC  0|TAMS 0x0000000707b00000, 0x0000000707b00000|
| 124|0x0000000707c00000, 0x0000000707c00000, 0x0000000707d00000|  0%| F|  |TS  0|AC  0|TAMS 0x0000000707c00000, 0x0000000707c00000|
| 125|0x0000000707d00000, 0x0000000707d00000, 0x0000000707e00000|  0%| F|  |TS  0|AC  0|TAMS 0x0000000707d00000, 0x0000000707d00000|
| 126|0x0000000707e00000, 0x0000000707e00000, 0x0000000707f00000|  0%| F|  |TS  0|AC  0|TAMS 0x0000000707e00000, 0x0000000707e00000|
| 127|0x0000000707f00000, 0x0000000707f00000, 0x0000000708000000|  0%| F|  |TS  0|AC  0|TAMS 0x0000000707f00000, 0x0000000707f00000|
| 128|0x0000000708000000, 0x0000000708000000, 0x0000000708100000|  0%| F|  |TS  0|AC  0|TAMS 0x0000000708000000, 0x0000000708000000|
| 129|0x0000000708100000, 0x0000000708100000, 0x0000000708200000|  0%| F|  |TS  0|AC  0|TAMS 0x0000000708100000, 0x0000000708100000|
| 130|0x0000000708200000, 0x0000000708200000, 0x0000000708300000|  0%| F|  |TS  0|AC  0|TAMS 0x0000000708200000, 0x0000000708200000|
| 131|0x0000000708300000, 0x0000000708300000, 0x0000000708400000|  0%| F|  |TS  0|AC  0|TAMS 0x0000000708300000, 0x0000000708300000|
| 132|0x0000000708400000, 0x0000000708400000, 0x0000000708500000|  0%| F|  |TS  0|AC  0|TAMS 0x0000000708400000, 0x0000000708400000|
| 133|0x0000000708500000, 0x0000000708500000, 0x0000000708600000|  0%| F|  |TS  0|AC  0|TAMS 0x0000000708500000, 0x0000000708500000|
| 134|0x0000000708600000, 0x0000000708600000, 0x0000000708700000|  0%| F|  |TS  0|AC  0|TAMS 0x0000000708600000, 0x0000000708600000|
| 135|0x0000000708700000, 0x0000000708700000, 0x0000000708800000|  0%| F|  |TS  0|AC  0|TAMS 0x0000000708700000, 0x0000000708700000|
| 136|0x0000000708800000, 0x0000000708800000, 0x0000000708900000|  0%| F|  |TS  0|AC  0|TAMS 0x0000000708800000, 0x0000000708800000|
| 137|0x0000000708900000, 0x0000000708900000, 0x0000000708a00000|  0%| F|  |TS  0|AC  0|TAMS 0x0000000708900000, 0x0000000708900000|
| 138|0x0000000708a00000, 0x0000000708a00000, 0x0000000708b00000|  0%| F|  |TS  0|AC  0|TAMS 0x0000000708a00000, 0x0000000708a00000|
| 139|0x0000000708b00000, 0x0000000708b00000, 0x0000000708c00000|  0%| F|  |TS  0|AC  0|TAMS 0x0000000708b00000, 0x0000000708b00000|
| 140|0x0000000708c00000, 0x0000000708c00000, 0x0000000708d00000|  0%| F|  |TS  0|AC  0|TAMS 0x0000000708c00000, 0x0000000708c00000|
| 141|0x0000000708d00000, 0x0000000708d00000, 0x0000000708e00000|  0%| F|  |TS  0|AC  0|TAMS 0x0000000708d00000, 0x0000000708d00000|
| 142|0x0000000708e00000, 0x0000000708e00000, 0x0000000708f00000|  0%| F|  |TS  0|AC  0|TAMS 0x0000000708e00000, 0x0000000708e00000|
| 143|0x0000000708f00000, 0x0000000708f00000, 0x0000000709000000|  0%| F|  |TS  0|AC  0|TAMS 0x0000000708f00000, 0x0000000708f00000|
| 144|0x0000000709000000, 0x0000000709000000, 0x0000000709100000|  0%| F|  |TS  0|AC  0|TAMS 0x0000000709000000, 0x0000000709000000|
| 145|0x0000000709100000, 0x0000000709100000, 0x0000000709200000|  0%| F|  |TS  0|AC  0|TAMS 0x0000000709100000, 0x0000000709100000|
| 146|0x0000000709200000, 0x0000000709200000, 0x0000000709300000|  0%| F|  |TS  0|AC  0|TAMS 0x0000000709200000, 0x0000000709200000|
| 147|0x0000000709300000, 0x0000000709300000, 0x0000000709400000|  0%| F|  |TS  0|AC  0|TAMS 0x0000000709300000, 0x0000000709300000|
| 148|0x0000000709400000, 0x0000000709400000, 0x0000000709500000|  0%| F|  |TS  0|AC  0|TAMS 0x0000000709400000, 0x0000000709400000|
| 149|0x0000000709500000, 0x0000000709500000, 0x0000000709600000|  0%| F|  |TS  0|AC  0|TAMS 0x0000000709500000, 0x0000000709500000|
| 150|0x0000000709600000, 0x0000000709600000, 0x0000000709700000|  0%| F|  |TS  0|AC  0|TAMS 0x0000000709600000, 0x0000000709600000|
| 151|0x0000000709700000, 0x0000000709700000, 0x0000000709800000|  0%| F|  |TS  0|AC  0|TAMS 0x0000000709700000, 0x0000000709700000|
| 152|0x0000000709800000, 0x0000000709800000, 0x0000000709900000|  0%| F|  |TS  0|AC  0|TAMS 0x0000000709800000, 0x0000000709800000|
| 153|0x0000000709900000, 0x0000000709900000, 0x0000000709a00000|  0%| F|  |TS  0|AC  0|TAMS 0x0000000709900000, 0x0000000709900000|
| 154|0x0000000709a00000, 0x0000000709a00000, 0x0000000709b00000|  0%| F|  |TS  0|AC  0|TAMS 0x0000000709a00000, 0x0000000709a00000|
| 155|0x0000000709b00000, 0x0000000709b00000, 0x0000000709c00000|  0%| F|  |TS  0|AC  0|TAMS 0x0000000709b00000, 0x0000000709b00000|
| 156|0x0000000709c00000, 0x0000000709c00000, 0x0000000709d00000|  0%| F|  |TS  0|AC  0|TAMS 0x0000000709c00000, 0x0000000709c00000|
| 157|0x0000000709d00000, 0x0000000709d00000, 0x0000000709e00000|  0%| F|  |TS  0|AC  0|TAMS 0x0000000709d00000, 0x0000000709d00000|
| 158|0x0000000709e00000, 0x0000000709e00000, 0x0000000709f00000|  0%| F|  |TS  0|AC  0|TAMS 0x0000000709e00000, 0x0000000709e00000|
| 159|0x0000000709f00000, 0x0000000709f00000, 0x000000070a000000|  0%| F|  |TS  0|AC  0|TAMS 0x0000000709f00000, 0x0000000709f00000|
| 160|0x000000070a000000, 0x000000070a000000, 0x000000070a100000|  0%| F|  |TS  0|AC  0|TAMS 0x000000070a000000, 0x000000070a000000|
| 161|0x000000070a100000, 0x000000070a174430, 0x000000070a200000| 45%| S|CS|TS  1|AC  0|TAMS 0x000000070a100000, 0x000000070a100000|
| 162|0x000000070a200000, 0x000000070a200000, 0x000000070a300000|  0%| F|  |TS  1|AC  0|TAMS 0x000000070a200000, 0x000000070a200000|
| 163|0x000000070a300000, 0x000000070a300000, 0x000000070a400000|  0%| F|  |TS  1|AC  0|TAMS 0x000000070a300000, 0x000000070a300000|
| 164|0x000000070a400000, 0x000000070a400000, 0x000000070a500000|  0%| F|  |TS  1|AC  0|TAMS 0x000000070a400000, 0x000000070a400000|
| 165|0x000000070a500000, 0x000000070a500000, 0x000000070a600000|  0%| F|  |TS  1|AC  0|TAMS 0x000000070a500000, 0x000000070a500000|
| 166|0x000000070a600000, 0x000000070a600000, 0x000000070a700000|  0%| F|  |TS  1|AC  0|TAMS 0x000000070a600000, 0x000000070a600000|
| 167|0x000000070a700000, 0x000000070a700000, 0x000000070a800000|  0%| F|  |TS  1|AC  0|TAMS 0x000000070a700000, 0x000000070a700000|
| 168|0x000000070a800000, 0x000000070a800000, 0x000000070a900000|  0%| F|  |TS  1|AC  0|TAMS 0x000000070a800000, 0x000000070a800000|
| 169|0x000000070a900000, 0x000000070a900000, 0x000000070aa00000|  0%| F|  |TS  1|AC  0|TAMS 0x000000070a900000, 0x000000070a900000|
| 170|0x000000070aa00000, 0x000000070aa00000, 0x000000070ab00000|  0%| F|  |TS  1|AC  0|TAMS 0x000000070aa00000, 0x000000070aa00000|
| 171|0x000000070ab00000, 0x000000070ab00000, 0x000000070ac00000|  0%| F|  |TS  1|AC  0|TAMS 0x000000070ab00000, 0x000000070ab00000|
| 172|0x000000070ac00000, 0x000000070ac00000, 0x000000070ad00000|  0%| F|  |TS  1|AC  0|TAMS 0x000000070ac00000, 0x000000070ac00000|
| 173|0x000000070ad00000, 0x000000070ad00000, 0x000000070ae00000|  0%| F|  |TS  1|AC  0|TAMS 0x000000070ad00000, 0x000000070ad00000|
| 174|0x000000070ae00000, 0x000000070ae00000, 0x000000070af00000|  0%| F|  |TS  1|AC  0|TAMS 0x000000070ae00000, 0x000000070ae00000|
| 175|0x000000070af00000, 0x000000070af00000, 0x000000070b000000|  0%| F|  |TS  1|AC  0|TAMS 0x000000070af00000, 0x000000070af00000|
| 176|0x000000070b000000, 0x000000070b000000, 0x000000070b100000|  0%| F|  |TS  1|AC  0|TAMS 0x000000070b000000, 0x000000070b000000|
| 177|0x000000070b100000, 0x000000070b100000, 0x000000070b200000|  0%| F|  |TS  1|AC  0|TAMS 0x000000070b100000, 0x000000070b100000|
| 178|0x000000070b200000, 0x000000070b200000, 0x000000070b300000|  0%| F|  |TS  1|AC  0|TAMS 0x000000070b200000, 0x000000070b200000|
| 179|0x000000070b300000, 0x000000070b3d8610, 0x000000070b400000| 84%| E|  |TS  1|AC  0|TAMS 0x000000070b300000, 0x000000070b300000|
| 180|0x000000070b400000, 0x000000070b500000, 0x000000070b500000|100%| E|CS|TS  1|AC  0|TAMS 0x000000070b400000, 0x000000070b400000|
| 181|0x000000070b500000, 0x000000070b600000, 0x000000070b600000|100%| E|CS|TS  1|AC  0|TAMS 0x000000070b500000, 0x000000070b500000|
| 182|0x000000070b600000, 0x000000070b700000, 0x000000070b700000|100%| E|CS|TS  1|AC  0|TAMS 0x000000070b600000, 0x000000070b600000|
| 183|0x000000070b700000, 0x000000070b800000, 0x000000070b800000|100%| E|CS|TS  1|AC  0|TAMS 0x000000070b700000, 0x000000070b700000|
| 184|0x000000070b800000, 0x000000070b900000, 0x000000070b900000|100%| E|CS|TS  1|AC  0|TAMS 0x000000070b800000, 0x000000070b800000|
| 185|0x000000070b900000, 0x000000070ba00000, 0x000000070ba00000|100%| E|CS|TS  1|AC  0|TAMS 0x000000070b900000, 0x000000070b900000|
| 186|0x000000070ba00000, 0x000000070bb00000, 0x000000070bb00000|100%| E|CS|TS  1|AC  0|TAMS 0x000000070ba00000, 0x000000070ba00000|
| 187|0x000000070bb00000, 0x000000070bc00000, 0x000000070bc00000|100%| E|CS|TS  1|AC  0|TAMS 0x000000070bb00000, 0x000000070bb00000|
| 188|0x000000070bc00000, 0x000000070bd00000, 0x000000070bd00000|100%| E|CS|TS  1|AC  0|TAMS 0x000000070bc00000, 0x000000070bc00000|
| 189|0x000000070bd00000, 0x000000070be00000, 0x000000070be00000|100%| E|CS|TS  1|AC  0|TAMS 0x000000070bd00000, 0x000000070bd00000|
| 190|0x000000070be00000, 0x000000070bf00000, 0x000000070bf00000|100%| E|CS|TS  1|AC  0|TAMS 0x000000070be00000, 0x000000070be00000|
| 191|0x000000070bf00000, 0x000000070c000000, 0x000000070c000000|100%| E|CS|TS  1|AC  0|TAMS 0x000000070bf00000, 0x000000070bf00000|
| 192|0x000000070c000000, 0x000000070c100000, 0x000000070c100000|100%| E|CS|TS  1|AC  0|TAMS 0x000000070c000000, 0x000000070c000000|
| 193|0x000000070c100000, 0x000000070c200000, 0x000000070c200000|100%| E|CS|TS  1|AC  0|TAMS 0x000000070c100000, 0x000000070c100000|
| 194|0x000000070c200000, 0x000000070c300000, 0x000000070c300000|100%| E|CS|TS  1|AC  0|TAMS 0x000000070c200000, 0x000000070c200000|
| 195|0x000000070c300000, 0x000000070c400000, 0x000000070c400000|100%| E|CS|TS  1|AC  0|TAMS 0x000000070c300000, 0x000000070c300000|
| 196|0x000000070c400000, 0x000000070c500000, 0x000000070c500000|100%| E|CS|TS  1|AC  0|TAMS 0x000000070c400000, 0x000000070c400000|
| 197|0x000000070c500000, 0x000000070c600000, 0x000000070c600000|100%| E|CS|TS  1|AC  0|TAMS 0x000000070c500000, 0x000000070c500000|
| 198|0x000000070c600000, 0x000000070c700000, 0x000000070c700000|100%| E|CS|TS  1|AC  0|TAMS 0x000000070c600000, 0x000000070c600000|
| 199|0x000000070c700000, 0x000000070c800000, 0x000000070c800000|100%| E|CS|TS  1|AC  0|TAMS 0x000000070c700000, 0x000000070c700000|
| 200|0x000000070c800000, 0x000000070c900000, 0x000000070c900000|100%| E|CS|TS  1|AC  0|TAMS 0x000000070c800000, 0x000000070c800000|
| 201|0x000000070c900000, 0x000000070ca00000, 0x000000070ca00000|100%| E|CS|TS  1|AC  0|TAMS 0x000000070c900000, 0x000000070c900000|
| 202|0x000000070ca00000, 0x000000070cb00000, 0x000000070cb00000|100%| E|CS|TS  1|AC  0|TAMS 0x000000070ca00000, 0x000000070ca00000|
| 203|0x000000070cb00000, 0x000000070cc00000, 0x000000070cc00000|100%| E|CS|TS  1|AC  0|TAMS 0x000000070cb00000, 0x000000070cb00000|
| 204|0x000000070cc00000, 0x000000070cd00000, 0x000000070cd00000|100%| E|CS|TS  1|AC  0|TAMS 0x000000070cc00000, 0x000000070cc00000|
| 205|0x000000070cd00000, 0x000000070ce00000, 0x000000070ce00000|100%| E|CS|TS  1|AC  0|TAMS 0x000000070cd00000, 0x000000070cd00000|
| 206|0x000000070ce00000, 0x000000070cf00000, 0x000000070cf00000|100%| E|CS|TS  1|AC  0|TAMS 0x000000070ce00000, 0x000000070ce00000|
| 207|0x000000070cf00000, 0x000000070d000000, 0x000000070d000000|100%| E|CS|TS  1|AC  0|TAMS 0x000000070cf00000, 0x000000070cf00000|
| 208|0x000000070d000000, 0x000000070d100000, 0x000000070d100000|100%| E|CS|TS  1|AC  0|TAMS 0x000000070d000000, 0x000000070d000000|
| 209|0x000000070d100000, 0x000000070d200000, 0x000000070d200000|100%| E|CS|TS  1|AC  0|TAMS 0x000000070d100000, 0x000000070d100000|
| 210|0x000000070d200000, 0x000000070d300000, 0x000000070d300000|100%| E|CS|TS  1|AC  0|TAMS 0x000000070d200000, 0x000000070d200000|
| 211|0x000000070d300000, 0x000000070d400000, 0x000000070d400000|100%| E|CS|TS  1|AC  0|TAMS 0x000000070d300000, 0x000000070d300000|
| 212|0x000000070d400000, 0x000000070d500000, 0x000000070d500000|100%| E|CS|TS  1|AC  0|TAMS 0x000000070d400000, 0x000000070d400000|
| 213|0x000000070d500000, 0x000000070d600000, 0x000000070d600000|100%| E|CS|TS  1|AC  0|TAMS 0x000000070d500000, 0x000000070d500000|
| 214|0x000000070d600000, 0x000000070d700000, 0x000000070d700000|100%| E|CS|TS  1|AC  0|TAMS 0x000000070d600000, 0x000000070d600000|
| 215|0x000000070d700000, 0x000000070d800000, 0x000000070d800000|100%| E|CS|TS  1|AC  0|TAMS 0x000000070d700000, 0x000000070d700000|
| 216|0x000000070d800000, 0x000000070d900000, 0x000000070d900000|100%| E|CS|TS  1|AC  0|TAMS 0x000000070d800000, 0x000000070d800000|
| 217|0x000000070d900000, 0x000000070da00000, 0x000000070da00000|100%| E|CS|TS  1|AC  0|TAMS 0x000000070d900000, 0x000000070d900000|
| 218|0x000000070da00000, 0x000000070db00000, 0x000000070db00000|100%| E|CS|TS  1|AC  0|TAMS 0x000000070da00000, 0x000000070da00000|
| 219|0x000000070db00000, 0x000000070dc00000, 0x000000070dc00000|100%| E|CS|TS  1|AC  0|TAMS 0x000000070db00000, 0x000000070db00000|
| 220|0x000000070dc00000, 0x000000070dd00000, 0x000000070dd00000|100%| E|CS|TS  1|AC  0|TAMS 0x000000070dc00000, 0x000000070dc00000|
| 221|0x000000070dd00000, 0x000000070de00000, 0x000000070de00000|100%| E|CS|TS  1|AC  0|TAMS 0x000000070dd00000, 0x000000070dd00000|

Card table byte_map: [0x0000028e94e60000,0x0000028e95460000] byte_map_base: 0x0000028e91660000

Marking Bits (Prev, Next): (CMBitMap*) 0x0000028e971b8990, (CMBitMap*) 0x0000028e971b89c8
 Prev Bits: [0x0000028ead1c0000, 0x0000028eb01c0000)
 Next Bits: [0x0000028eb01c0000, 0x0000028eb31c0000)

Polling page: 0x0000028e8ab50000

CodeHeap 'non-profiled nmethods': size=120000Kb used=20079Kb max_used=20079Kb free=99920Kb
 bounds [0x0000028ea5c90000, 0x0000028ea7030000, 0x0000028ead1c0000]
CodeHeap 'profiled nmethods': size=120000Kb used=43238Kb max_used=43238Kb free=76762Kb
 bounds [0x0000028e9e760000, 0x0000028ea11e0000, 0x0000028ea5c90000]
CodeHeap 'non-nmethods': size=5760Kb used=1780Kb max_used=1834Kb free=3979Kb
 bounds [0x0000028e9e1c0000, 0x0000028e9e430000, 0x0000028e9e760000]
 total_blobs=30560 nmethods=17064 adapters=1107
 compilation: enabled

Compilation events (10 events):
Event: 2045.589 Thread 0x0000028e94176000 21095       3       java.util.AbstractList$Itr::hasNext (20 bytes)
Event: 2045.589 Thread 0x0000028e94176000 nmethod 21095 0x0000028ea11d8f10 code [0x0000028ea11d90c0, 0x0000028ea11d9350]
Event: 2045.626 Thread 0x0000028e94174800 21096       4       sun.nio.fs.WindowsFileSystem::getPath (101 bytes)
Event: 2045.627 Thread 0x0000028e94176000 21097       3       javax.swing.SwingUtilities::isDescendingFrom (33 bytes)
Event: 2045.628 Thread 0x0000028e94176000 nmethod 21097 0x0000028ea11d9410 code [0x0000028ea11d95e0, 0x0000028ea11d99e0]
Event: 2045.635 Thread 0x0000028e94174800 nmethod 21096 0x0000028ea702a810 code [0x0000028ea702aa00, 0x0000028ea702b1a0]
Event: 2045.644 Thread 0x0000028e94172000 21098       4       de.javasoft.plaf.synthetica.SyntheticaLookAndFeel::isOpaque (74 bytes)
Event: 2045.656 Thread 0x0000028e94172000 nmethod 21098 0x0000028ea702b590 code [0x0000028ea702b7c0, 0x0000028ea702c608]
Event: 2046.239 Thread 0x0000028e94176000 21099       1       ui.views.V.a.cf::a (5 bytes)
Event: 2046.239 Thread 0x0000028e94176000 nmethod 21099 0x0000028ea702cc10 code [0x0000028ea702cdc0, 0x0000028ea702ceb8]

GC Heap History (10 events):
Event: 2036.528 GC heap before
{Heap before GC invocations=353 (full 235):
 garbage-first heap   total 227328K, used 131906K [0x0000000700000000, 0x00000007001006f0, 0x00000007c0000000)
  region size 1024K, 60 young (61440K), 0 survivors (0K)
 Metaspace       used 82888K, capacity 89399K, committed 89676K, reserved 1126400K
  class space    used 11374K, capacity 12514K, committed 12620K, reserved 1048576K
}
Event: 2036.534 GC heap after
{Heap after GC invocations=354 (full 235):
 garbage-first heap   total 227328K, used 71065K [0x0000000700000000, 0x00000007001006f0, 0x00000007c0000000)
  region size 1024K, 1 young (1024K), 1 survivors (1024K)
 Metaspace       used 82888K, capacity 89399K, committed 89676K, reserved 1126400K
  class space    used 11374K, capacity 12514K, committed 12620K, reserved 1048576K
}
Event: 2038.462 GC heap before
{Heap before GC invocations=354 (full 235):
 garbage-first heap   total 227328K, used 131481K [0x0000000700000000, 0x00000007001006f0, 0x00000007c0000000)
  region size 1024K, 60 young (61440K), 1 survivors (1024K)
 Metaspace       used 82890K, capacity 89399K, committed 89676K, reserved 1126400K
  class space    used 11374K, capacity 12514K, committed 12620K, reserved 1048576K
}
Event: 2038.468 GC heap after
{Heap after GC invocations=355 (full 235):
 garbage-first heap   total 227328K, used 71645K [0x0000000700000000, 0x00000007001006f0, 0x00000007c0000000)
  region size 1024K, 2 young (2048K), 2 survivors (2048K)
 Metaspace       used 82890K, capacity 89399K, committed 89676K, reserved 1126400K
  class space    used 11374K, capacity 12514K, committed 12620K, reserved 1048576K
}
Event: 2038.608 GC heap before
{Heap before GC invocations=355 (full 235):
 garbage-first heap   total 227328K, used 131037K [0x0000000700000000, 0x00000007001006f0, 0x00000007c0000000)
  region size 1024K, 60 young (61440K), 2 survivors (2048K)
 Metaspace       used 82904K, capacity 89399K, committed 89676K, reserved 1126400K
  class space    used 11374K, capacity 12514K, committed 12620K, reserved 1048576K
}
Event: 2038.612 GC heap after
{Heap after GC invocations=356 (full 235):
 garbage-first heap   total 227328K, used 71099K [0x0000000700000000, 0x00000007001006f0, 0x00000007c0000000)
  region size 1024K, 1 young (1024K), 1 survivors (1024K)
 Metaspace       used 82904K, capacity 89399K, committed 89676K, reserved 1126400K
  class space    used 11374K, capacity 12514K, committed 12620K, reserved 1048576K
}
Event: 2040.802 GC heap before
{Heap before GC invocations=356 (full 235):
 garbage-first heap   total 227328K, used 108987K [0x0000000700000000, 0x00000007001006f0, 0x00000007c0000000)
  region size 1024K, 39 young (39936K), 1 survivors (1024K)
 Metaspace       used 82906K, capacity 89399K, committed 89676K, reserved 1126400K
  class space    used 11374K, capacity 12514K, committed 12620K, reserved 1048576K
}
Event: 2041.019 GC heap after
{Heap after GC invocations=357 (full 236):
 garbage-first heap   total 227328K, used 70710K [0x0000000700000000, 0x00000007001006f0, 0x00000007c0000000)
  region size 1024K, 0 young (0K), 0 survivors (0K)
 Metaspace       used 82906K, capacity 89399K, committed 89676K, reserved 1126400K
  class space    used 11374K, capacity 12514K, committed 12620K, reserved 1048576K
}
Event: 2044.474 GC heap before
{Heap before GC invocations=357 (full 236):
 garbage-first heap   total 227328K, used 132150K [0x0000000700000000, 0x00000007001006f0, 0x00000007c0000000)
  region size 1024K, 60 young (61440K), 0 survivors (0K)
 Metaspace       used 82909K, capacity 89463K, committed 89676K, reserved 1126400K
  class space    used 11374K, capacity 12514K, committed 12620K, reserved 1048576K
}
Event: 2044.478 GC heap after
{Heap after GC invocations=358 (full 236):
 garbage-first heap   total 227328K, used 71175K [0x0000000700000000, 0x00000007001006f0, 0x00000007c0000000)
  region size 1024K, 1 young (1024K), 1 survivors (1024K)
 Metaspace       used 82909K, capacity 89463K, committed 89676K, reserved 1126400K
  class space    used 11374K, capacity 12514K, committed 12620K, reserved 1048576K
}

Deoptimization events (10 events):
Event: 1731.392 Thread 0x0000028eb6314800 Uncommon trap: reason=unstable_if action=reinterpret pc=0x0000028ea6651aa4 method=java.util.WeakHashMap.transfer([Ljava/util/WeakHashMap$Entry;[Ljava/util/WeakHashMap$Entry;)V @ 38 c2
Event: 1731.495 Thread 0x0000028eb6314800 Uncommon trap: reason=class_check action=maybe_recompile pc=0x0000028ea62a3fe4 method=java.util.HashMap.removeNode(ILjava/lang/Object;Ljava/lang/Object;ZZ)Ljava/util/HashMap$Node; @ 68 c2
Event: 1762.342 Thread 0x0000028eb6314800 Uncommon trap: reason=unstable_if action=reinterpret pc=0x0000028ea6e9e27c method=com.jidesoft.editor.highlight.DefaultHighlighter.paintLayeredHighlights(Ljava/awt/Graphics;IILjava/awt/Shape;Lcom/jidesoft/editor/CodeEditor;)V @ 18 c2
Event: 1762.342 Thread 0x0000028eb6314800 Uncommon trap: reason=unstable_if action=reinterpret pc=0x0000028ea6e98004 method=com.jidesoft.editor.highlight.DefaultHighlighter.paintLayeredHighlights(Ljava/awt/Graphics;IILjava/awt/Shape;Lcom/jidesoft/editor/CodeEditor;)V @ 18 c2
Event: 1762.342 Thread 0x0000028eb6314800 Uncommon trap: reason=unstable_if action=reinterpret pc=0x0000028ea6b4d5f4 method=com.jidesoft.editor.highlight.DefaultHighlighter.paintLayeredHighlights(Ljava/awt/Graphics;IILjava/awt/Shape;Lcom/jidesoft/editor/CodeEditor;)V @ 18 c2
Event: 1763.183 Thread 0x0000028eb6314800 Uncommon trap: reason=unstable_if action=reinterpret pc=0x0000028ea669d09c method=sun.awt.PostEventQueue.flush()V @ 23 c2
Event: 1895.884 Thread 0x0000028eb6314800 Uncommon trap: reason=unstable_if action=reinterpret pc=0x0000028ea6dd0a84 method=de.javasoft.synthetica.plain.GraphicsUtils.paintText(Ljavax/swing/plaf/synth/SynthContext;Ljava/awt/Graphics;Ljava/lang/String;III)V @ 151 c2
Event: 1931.226 Thread 0x0000028eb6314800 Uncommon trap: reason=unstable_if action=reinterpret pc=0x0000028ea6c9c498 method=java.awt.Rectangle.setRect(DDDD)V @ 29 c2
Event: 1932.336 Thread 0x0000028eb6314800 Uncommon trap: reason=class_check action=maybe_recompile pc=0x0000028ea62a3fe4 method=java.util.HashMap.removeNode(ILjava/lang/Object;Ljava/lang/Object;ZZ)Ljava/util/HashMap$Node; @ 68 c2
Event: 1934.375 Thread 0x0000028eb6314800 Uncommon trap: reason=unstable_if action=reinterpret pc=0x0000028ea668c398 method=sun.awt.PostEventQueue.flush()V @ 23 c2

Classes redefined (0 events):
No events

Internal exceptions (10 events):
Event: 469.946 Thread 0x0000028eb6314800 Exception <a 'java/lang/NoSuchMethodError'{0x000000070a42b510}: java.lang.invoke.DirectMethodHandle$Holder.invokeStatic(Ljava/lang/Object;Ljava/lang/Object;ILjava/lang/Object;)Ljava/lang/Object;> (0x000000070a42b510) thrown at [t:/workspace/hotspot/src/sh
Event: 503.855 Thread 0x0000028eb6314800 Exception <a 'java/lang/NoSuchMethodError'{0x000000070958b538}: java.lang.invoke.DirectMethodHandle$Holder.invokeSpecial(Ljava/lang/Object;Ljava/lang/Object;IILjava/lang/Object;ILjava/lang/Object;I)Ljava/lang/Object;> (0x000000070958b538) thrown at [t:/wo
Event: 503.856 Thread 0x0000028eb6314800 Exception <a 'java/lang/NoSuchMethodError'{0x000000070958eca8}: java.lang.invoke.DelegatingMethodHandle$Holder.reinvoke_L(Ljava/lang/Object;IILjava/lang/Object;ILjava/lang/Object;I)Ljava/lang/Object;> (0x000000070958eca8) thrown at [t:/workspace/hotspot/s
Event: 503.858 Thread 0x0000028eb6314800 Exception <a 'java/lang/NoSuchMethodError'{0x00000007095bebe8}: method resolution failed> (0x00000007095bebe8) thrown at [t:/workspace/hotspot/src/share/vm/prims/methodHandles.cpp, line 1256]
Event: 606.997 Thread 0x0000028eb6314800 Exception <a 'java/lang/NoSuchMethodError'{0x00000007091aa338}: java.lang.invoke.DirectMethodHandle$Holder.invokeSpecial(Ljava/lang/Object;Ljava/lang/Object;IILjava/lang/Object;Ljava/lang/Object;I)Ljava/lang/Object;> (0x00000007091aa338) thrown at [t:/wor
Event: 606.997 Thread 0x0000028eb6314800 Exception <a 'java/lang/NoSuchMethodError'{0x00000007091ad9f8}: java.lang.invoke.DelegatingMethodHandle$Holder.reinvoke_L(Ljava/lang/Object;IILjava/lang/Object;Ljava/lang/Object;I)Ljava/lang/Object;> (0x00000007091ad9f8) thrown at [t:/workspace/hotspot/sr
Event: 606.998 Thread 0x0000028eb6314800 Exception <a 'java/lang/NoSuchMethodError'{0x00000007091cd508}: java.lang.invoke.DirectMethodHandle$Holder.invokeSpecial(Ljava/lang/Object;Ljava/lang/Object;Ljava/lang/Object;Ljava/lang/Object;I)Ljava/lang/Object;> (0x00000007091cd508) thrown at [t:/works
Event: 1591.624 Thread 0x0000028ebaa62800 Exception <a 'java/lang/InterruptedException'{0x000000070b78da50}: sleep interrupted> (0x000000070b78da50) thrown at [t:/workspace/hotspot/src/share/vm/prims/jvm.cpp, line 2984]
Event: 1591.632 Thread 0x0000028ebaa62800 Exception <a 'java/lang/InterruptedException'{0x000000070b79b2b0}: sleep interrupted> (0x000000070b79b2b0) thrown at [t:/workspace/hotspot/src/share/vm/prims/jvm.cpp, line 2984]
Event: 1721.502 Thread 0x0000028ebaa5a000 Exception <a 'java/lang/InterruptedException'{0x0000000708d00840}: sleep interrupted> (0x0000000708d00840) thrown at [t:/workspace/hotspot/src/share/vm/prims/jvm.cpp, line 3023]

Events (10 events):
Event: 2044.829 Executing VM operation: RevokeBias done
Event: 2045.429 Thread 0x0000028ebaa5a000 Thread added: 0x0000028ebaa5a000
Event: 2045.438 Thread 0x0000028ebaa5a000 Thread exited: 0x0000028ebaa5a000
Event: 2045.547 Thread 0x0000028ebaa5a000 Thread added: 0x0000028ebaa5a000
Event: 2045.559 Executing VM operation: RevokeBias
Event: 2045.559 Executing VM operation: RevokeBias done
Event: 2045.562 Executing VM operation: RevokeBias
Event: 2045.562 Executing VM operation: RevokeBias done
Event: 2046.430 Thread 0x0000028ebaa63000 Thread added: 0x0000028ebaa63000
Event: 2046.439 Thread 0x0000028ebaa63000 Thread exited: 0x0000028ebaa63000


Dynamic libraries:
0x00007ff6e5790000 - 0x00007ff6e57c0000 	C:\Xilinx\Vivado\2019.1\bin\unwrapped\win64.o\vivado.exe
0x00007ffcf8f50000 - 0x00007ffcf9164000 	C:\WINDOWS\SYSTEM32\ntdll.dll
0x00007ffcf75f0000 - 0x00007ffcf76b2000 	C:\WINDOWS\System32\KERNEL32.DLL
0x00007ffcf67b0000 - 0x00007ffcf6b4c000 	C:\WINDOWS\System32\KERNELBASE.dll
0x00007ffcf6390000 - 0x00007ffcf64a1000 	C:\WINDOWS\System32\ucrtbase.dll
0x00007ffcce200000 - 0x00007ffcce28e000 	C:\WINDOWS\SYSTEM32\MSVCP140.dll
0x00007ffcce290000 - 0x00007ffcce2ab000 	C:\WINDOWS\SYSTEM32\VCRUNTIME140.dll
0x00007ffcce2b0000 - 0x00007ffcce2bc000 	C:\WINDOWS\SYSTEM32\VCRUNTIME140_1.dll
0x00007ffcf1260000 - 0x00007ffcf1274000 	C:\Xilinx\Vivado\2019.1\lib\win64.o\libboost_signals.dll
0x00007ffcee420000 - 0x00007ffcee434000 	C:\Xilinx\Vivado\2019.1\lib\win64.o\librdi_commonmain.dll
0x00007ffc6ea80000 - 0x00007ffc6f962000 	C:\Xilinx\Vivado\2019.1\lib\win64.o\librdi_common.dll
0x00007ffcf7300000 - 0x00007ffcf74ab000 	C:\WINDOWS\System32\USER32.dll
0x00007ffcf6b50000 - 0x00007ffcf6b76000 	C:\WINDOWS\System32\win32u.dll
0x00007ffcf8510000 - 0x00007ffcf8539000 	C:\WINDOWS\System32\GDI32.dll
0x00007ffcf6620000 - 0x00007ffcf6733000 	C:\WINDOWS\System32\gdi32full.dll
0x00007ffce1ab0000 - 0x00007ffce1ad6000 	C:\Xilinx\Vivado\2019.1\lib\win64.o\libboost_filesystem.dll
0x00007ffcf6b80000 - 0x00007ffcf6c1a000 	C:\WINDOWS\System32\msvcp_win.dll
0x00007ffcf76c0000 - 0x00007ffcf776e000 	C:\WINDOWS\System32\ADVAPI32.dll
0x00007ffcf3200000 - 0x00007ffcf320a000 	C:\Xilinx\Vivado\2019.1\lib\win64.o\librdi_commonversion.dll
0x00007ffcf74b0000 - 0x00007ffcf7557000 	C:\WINDOWS\System32\msvcrt.dll
0x00007ffcaba40000 - 0x00007ffcabb61000 	C:\Xilinx\Vivado\2019.1\lib\win64.o\librdi_commonxillic.dll
0x00007ffcf8590000 - 0x00007ffcf8d80000 	C:\WINDOWS\System32\SHELL32.dll
0x00007ffcf7910000 - 0x00007ffcf79b4000 	C:\WINDOWS\System32\sechost.dll
0x00007ffcf82e0000 - 0x00007ffcf83f7000 	C:\WINDOWS\System32\RPCRT4.dll
0x00000000662b0000 - 0x00000000663db000 	C:\Xilinx\Vivado\2019.1\lib\win64.o\tcl85t.dll
0x00007ffcf7560000 - 0x00007ffcf75d1000 	C:\WINDOWS\System32\WS2_32.dll
0x00007ffcab6d0000 - 0x00007ffcaba3e000 	C:\Xilinx\Vivado\2019.1\lib\win64.o\libCOIN-all.dll
0x00007ffcea6c0000 - 0x00007ffcea6d4000 	C:\Xilinx\Vivado\2019.1\lib\win64.o\libboost_date_time.dll
0x00007ffcd64a0000 - 0x00007ffcd651f000 	C:\Xilinx\Vivado\2019.1\lib\win64.o\libboost_program_options.dll
0x00007ffca9f30000 - 0x00007ffcaa044000 	C:\Xilinx\Vivado\2019.1\lib\win64.o\libboost_regex.dll
0x00007ffcf1250000 - 0x00007ffcf125b000 	C:\Xilinx\Vivado\2019.1\lib\win64.o\libboost_system.dll
0x00007ffcdff70000 - 0x00007ffcdff91000 	C:\Xilinx\Vivado\2019.1\lib\win64.o\libboost_thread.dll
0x00007ffced150000 - 0x00007ffced15f000 	C:\Xilinx\Vivado\2019.1\lib\win64.o\libboost_xilinx.dll
0x00007ffcaf3e0000 - 0x00007ffcaf462000 	C:\Xilinx\Vivado\2019.1\lib\win64.o\libhdlpsolve.dll
0x00007ffc77400000 - 0x00007ffc77faf400 	C:\Xilinx\Vivado\2019.1\lib\win64.o\libisl_iostreams.dll
0x00007ffcabc00000 - 0x00007ffcabca5000 	C:\Xilinx\Vivado\2019.1\lib\win64.o\libhdxml.dll
0x00007ffcdd530000 - 0x00007ffcdd55e000 	C:\Xilinx\Vivado\2019.1\lib\win64.o\libisl_sysinfo.dll
0x00007ffcb1010000 - 0x00007ffcb1075000 	C:\Xilinx\Vivado\2019.1\lib\win64.o\liblmx6.0.dll
0x00007ffce0100000 - 0x00007ffce011a000 	C:\Xilinx\Vivado\2019.1\lib\win64.o\pthreadVC2.dll
0x00007ffcdef80000 - 0x00007ffcdef9c000 	C:\Xilinx\Vivado\2019.1\lib\win64.o\librdiconfig.dll
0x00007ffcdaaa0000 - 0x00007ffcdaac1000 	C:\Xilinx\Vivado\2019.1\lib\win64.o\librdizlib.dll
0x00007ffce8540000 - 0x00007ffce8559000 	C:\WINDOWS\SYSTEM32\NETAPI32.dll
0x00007ffcef050000 - 0x00007ffcef187000 	C:\WINDOWS\SYSTEM32\WINHTTP.dll
0x00007ffccb220000 - 0x00007ffccb714000 	C:\WINDOWS\SYSTEM32\WININET.dll
0x0000000012000000 - 0x0000000012270000 	C:\Xilinx\Vivado\2019.1\lib\win64.o\xerces-c_3_1.dll
0x00007ffce7ce0000 - 0x00007ffce7ecf000 	C:\WINDOWS\SYSTEM32\urlmon.dll
0x00007ffccf440000 - 0x00007ffccf449000 	C:\WINDOWS\SYSTEM32\WSOCK32.dll
0x00007ffca9c50000 - 0x00007ffca9f28000 	C:\Xilinx\Vivado\2019.1\lib\win64.o\libXil_lmgr11.dll
0x00007ffcf81d0000 - 0x00007ffcf82c7000 	C:\WINDOWS\System32\COMDLG32.dll
0x00007ffcf7b80000 - 0x00007ffcf7f09000 	C:\WINDOWS\System32\combase.dll
0x00007ffcf7770000 - 0x00007ffcf7861000 	C:\WINDOWS\System32\shcore.dll
0x00007ffcd63d0000 - 0x00007ffcd63fd000 	C:\WINDOWS\SYSTEM32\VCOMP140.DLL
0x00007ffcf8eb0000 - 0x00007ffcf8f0e000 	C:\WINDOWS\System32\SHLWAPI.dll
0x00007ffc6fec0000 - 0x00007ffc70d51000 	C:\Xilinx\Vivado\2019.1\lib\win64.o\gurobi65.dll
0x00007ffcf7220000 - 0x00007ffcf72f7000 	C:\WINDOWS\System32\OLEAUT32.dll
0x00007ffcf7f10000 - 0x00007ffcf80ac000 	C:\WINDOWS\System32\ole32.dll
0x00007ffcf6740000 - 0x00007ffcf67ab000 	C:\WINDOWS\System32\WINTRUST.dll
0x00007ffcf64b0000 - 0x00007ffcf6616000 	C:\WINDOWS\System32\CRYPT32.dll
0x00007ffce0180000 - 0x00007ffce018d000 	C:\Xilinx\Vivado\2019.1\lib\win64.o\libboost_chrono.dll
0x00007ffcdcc70000 - 0x00007ffcdcc8b000 	C:\Xilinx\Vivado\2019.1\lib\win64.o\libboost_iostreams.dll
0x00007ffcd1060000 - 0x00007ffcd1085000 	C:\Xilinx\Vivado\2019.1\lib\win64.o\libisl_iosutils.dll
0x00007ffce2520000 - 0x00007ffce27d0000 	C:\WINDOWS\SYSTEM32\iertutil.dll
0x00007ffcea990000 - 0x00007ffcea9b8000 	C:\WINDOWS\SYSTEM32\srvcli.dll
0x00007ffcf4e80000 - 0x00007ffcf4e8c000 	C:\WINDOWS\SYSTEM32\netutils.dll
0x00007ffced340000 - 0x00007ffced35f000 	C:\WINDOWS\SYSTEM32\dhcpcsvc.DLL
0x00007ffcbd4c0000 - 0x00007ffcbd573000 	C:\WINDOWS\WinSxS\amd64_microsoft.windows.common-controls_6595b64144ccf1df_5.82.22621.608_none_fb280a3c7926c2cc\COMCTL32.dll
0x00007ffcf6d60000 - 0x00007ffcf6d91000 	C:\WINDOWS\System32\IMM32.DLL
0x00007ffcf5c00000 - 0x00007ffcf5c12000 	C:\WINDOWS\SYSTEM32\MSASN1.dll
0x00007ffcf53e0000 - 0x00007ffcf53f8000 	C:\WINDOWS\SYSTEM32\kernel.appcore.dll
0x00007ffc6e560000 - 0x00007ffc6ea77000 	C:\Xilinx\Vivado\2019.1\lib\win64.o\librdi_commontasks.dll
0x00007ffce90a0000 - 0x00007ffce90aa000 	C:\WINDOWS\SYSTEM32\VERSION.dll
0x00007ffca99c0000 - 0x00007ffca9c46000 	C:\Xilinx\Vivado\2019.1\lib\win64.o\librdi_sio.dll
0x00000000614d0000 - 0x0000000061ef5000 	C:\Xilinx\Vivado\2019.1\tps\win64\jre9.0.4\bin\server\jvm.dll
0x00007ffcf8420000 - 0x00007ffcf8428000 	C:\WINDOWS\System32\PSAPI.DLL
0x00007ffcf4ec0000 - 0x00007ffcf4eed000 	C:\WINDOWS\SYSTEM32\IPHLPAPI.DLL
0x00007ffcecfc0000 - 0x00007ffcecff4000 	C:\WINDOWS\SYSTEM32\WINMM.dll
0x00007ffcab110000 - 0x00007ffcab1ff000 	C:\WINDOWS\SYSTEM32\MSVCR120.dll
0x00007ffcf58f0000 - 0x00007ffcf5959000 	C:\WINDOWS\SYSTEM32\MSWSOCK.DLL
0x00007ffcf43a0000 - 0x00007ffcf4c6d000 	C:\WINDOWS\SYSTEM32\windows.storage.dll
0x00007ffcf4260000 - 0x00007ffcf439e000 	C:\WINDOWS\SYSTEM32\wintypes.dll
0x00007ffc6c0a0000 - 0x00007ffc6e55c000 	C:\Xilinx\Vivado\2019.1\lib\win64.o\librdi_tcltasks.dll
0x00007ffcab470000 - 0x00007ffcab4e8000 	C:\Xilinx\Vivado\2019.1\lib\win64.o\librdi_boarddep.dll
0x00007ffca98d0000 - 0x00007ffca99bb000 	C:\Xilinx\Vivado\2019.1\lib\win64.o\librdi_chipscope.dll
0x00007ffc9c5c0000 - 0x00007ffc9c751000 	C:\Xilinx\Vivado\2019.1\lib\win64.o\librdi_board.dll
0x00007ffc6bc90000 - 0x00007ffc6c098000 	C:\Xilinx\Vivado\2019.1\lib\win64.o\librdi_bitstream.dll
0x00007ffc9ac50000 - 0x00007ffc9ae0d000 	C:\Xilinx\Vivado\2019.1\lib\win64.o\librdi_chipscopeimpl.dll
0x00007ffc8e7e0000 - 0x00007ffc8e936000 	C:\Xilinx\Vivado\2019.1\lib\win64.o\librdi_containers.dll
0x00007ffc67d00000 - 0x00007ffc683da000 	C:\Xilinx\Vivado\2019.1\lib\win64.o\librdi_coregenipxact.dll
0x00007ffc6a2a0000 - 0x00007ffc6bc8a000 	C:\Xilinx\Vivado\2019.1\lib\win64.o\librdi_constraints.dll
0x00007ffc0e240000 - 0x00007ffc12283000 	C:\Xilinx\Vivado\2019.1\lib\win64.o\librdi_designutils.dll
0x00007ffc76890000 - 0x00007ffc76bae000 	C:\Xilinx\Vivado\2019.1\lib\win64.o\librdi_dlyest.dll
0x00007ffc683e0000 - 0x00007ffc6a291000 	C:\Xilinx\Vivado\2019.1\lib\win64.o\librdi_coregen.dll
0x00007ffc8d9b0000 - 0x00007ffc8da74000 	C:\Xilinx\Vivado\2019.1\lib\win64.o\librdi_dsp.dll
0x00007ffc67760000 - 0x00007ffc67cfa000 	C:\Xilinx\Vivado\2019.1\lib\win64.o\librdi_drc.dll
0x00007ffc66e20000 - 0x00007ffc67103000 	C:\Xilinx\Vivado\2019.1\lib\win64.o\librdi_guitools.dll
0x00007ffc67110000 - 0x00007ffc6775d000 	C:\Xilinx\Vivado\2019.1\lib\win64.o\librdi_filemgmt.dll
0x00007ffcaaed0000 - 0x00007ffcaaf35000 	C:\Xilinx\Vivado\2019.1\lib\win64.o\librdi_hdf.dll
0x00007ffbfbe10000 - 0x00007ffc0e23c000 	C:\Xilinx\Vivado\2019.1\lib\win64.o\librdi_device.dll
0x00007ffcaa8e0000 - 0x00007ffcaa953000 	C:\Xilinx\Vivado\2019.1\lib\win64.o\librdi_memoryarray.dll
0x00007ffc65240000 - 0x00007ffc65855000 	C:\Xilinx\Vivado\2019.1\lib\win64.o\librdi_memdata.dll
0x00007ffc65860000 - 0x00007ffc66e20000 	C:\Xilinx\Vivado\2019.1\lib\win64.o\librdi_implflow.dll
0x00007ffbf9120000 - 0x00007ffbfbe06000 	C:\Xilinx\Vivado\2019.1\lib\win64.o\librdi_mig.dll
0x00007ffc64b90000 - 0x00007ffc65232000 	C:\Xilinx\Vivado\2019.1\lib\win64.o\librdi_netlist.dll
0x00007ffccfea0000 - 0x00007ffccfeeb000 	C:\Xilinx\Vivado\2019.1\lib\win64.o\librdi_pfi.dll
0x00007ffbf6aa0000 - 0x00007ffbf9116000 	C:\Xilinx\Vivado\2019.1\lib\win64.o\librdi_place.dll
0x00007ffc64880000 - 0x00007ffc64b8f000 	C:\Xilinx\Vivado\2019.1\lib\win64.o\librdi_platform.dll
0x00007ffc64130000 - 0x00007ffc6487a000 	C:\Xilinx\Vivado\2019.1\lib\win64.o\librdi_power.dll
0x00007ffc2ffe0000 - 0x00007ffc306e9000 	C:\Xilinx\Vivado\2019.1\lib\win64.o\librdi_psta.dll
0x00007ffc2f8d0000 - 0x00007ffc2ffd6000 	C:\Xilinx\Vivado\2019.1\lib\win64.o\librdi_rsb.dll
0x00007ffc2b590000 - 0x00007ffc2b981000 	C:\Xilinx\Vivado\2019.1\lib\win64.o\librdi_runs.dll
0x00007ffc2b990000 - 0x00007ffc2bf0f000 	C:\Xilinx\Vivado\2019.1\lib\win64.o\librdi_project.dll
0x00007ffc8d8b0000 - 0x00007ffc8d9aa000 	C:\Xilinx\Vivado\2019.1\lib\win64.o\librdi_runsbase.dll
0x00007ffc76e10000 - 0x00007ffc77066000 	C:\Xilinx\Vivado\2019.1\lib\win64.o\librdi_simdata.dll
0x00007ffc1ea60000 - 0x00007ffc1f871000 	C:\Xilinx\Vivado\2019.1\lib\win64.o\librdi_timing.dll
0x00007ffc8c260000 - 0x00007ffc8c3d2000 	C:\Xilinx\Vivado\2019.1\lib\win64.o\librdi_advchipscopeimpl.dll
0x00007ffca5520000 - 0x00007ffca556c000 	C:\Xilinx\Vivado\2019.1\lib\win64.o\libboost_serialization.dll
0x00007ffc88960000 - 0x00007ffc88a22000 	C:\Xilinx\Vivado\2019.1\lib\win64.o\librdi_ipconfig_readwrite.dll
0x00007ffc5d9c0000 - 0x00007ffc5db5f000 	C:\Xilinx\Vivado\2019.1\lib\win64.o\librdi_hip_devdesign.dll
0x00007ffc9c3d0000 - 0x00007ffc9c413000 	C:\Xilinx\Vivado\2019.1\lib\win64.o\librdi_noc_frameworks.dll
0x00007ffc2b1a0000 - 0x00007ffc2b585000 	C:\Xilinx\Vivado\2019.1\lib\win64.o\librdi_hip_config.dll
0x00007ffc1e510000 - 0x00007ffc1ea5e000 	C:\Xilinx\Vivado\2019.1\lib\win64.o\librdi_xdm.dll
0x00007ffbf5f50000 - 0x00007ffbf6a97000 	C:\Xilinx\Vivado\2019.1\lib\win64.o\libverific.dll
0x00007ffc99a90000 - 0x00007ffc99b2e000 	C:\Xilinx\Vivado\2019.1\lib\win64.o\libise.dll
0x00007ffca9890000 - 0x00007ffca98d0000 	C:\Xilinx\Vivado\2019.1\lib\win64.o\librdi_wavedata_SimpleApi.dll
0x00007ffbf5950000 - 0x00007ffbf5f4c000 	C:\Xilinx\Vivado\2019.1\lib\win64.o\librdi_wavedata.dll
0x00007ffc9c580000 - 0x00007ffc9c5bf000 	C:\Xilinx\Vivado\2019.1\lib\win64.o\librdi_schedmon.dll
0x00007ffc5d4c0000 - 0x00007ffc5d719000 	C:\Xilinx\Vivado\2019.1\lib\win64.o\librdi_hsm.dll
0x00007ffbf27f0000 - 0x00007ffbf397d000 	C:\Xilinx\Vivado\2019.1\lib\win64.o\librdi_route.dll

VM Arguments:
jvm_args: -Dsun.java2d.pmoffscreen=false -Dsun.java2d.xrender=false -Dsun.java2d.d3d=false -Dsun.awt.nopixfmt=true -Dsun.java2d.dpiaware=true -Dsun.java2d.uiScale.enabled=false -Xverify:none -Dswing.aatext=true -XX:-UsePerfData -Djdk.map.althashing.threshold=512 -XX:StringTableSize=4072 --add-opens=java.base/java.nio=ALL-UNNAMED --add-opens=java.desktop/sun.swing=ALL-UNNAMED --add-opens=java.desktop/javax.swing=ALL-UNNAMED --add-opens=java.desktop/javax.swing.tree=ALL-UNNAMED --add-opens=java.desktop/javax.swing.plaf.basic=ALL-UNNAMED --add-opens=java.desktop/javax.swing.plaf.synth=ALL-UNNAMED --add-opens=java.desktop/com.sun.awt=ALL-UNNAMED -XX:NewSize=60m -XX:MaxNewSize=60m -Xms128m -Xmx3072m -Xss5m 
java_command: <unknown>
java_class_path (initial): C:/Xilinx/Vivado/2019.1\lib\classes\alloy.jar;C:/Xilinx/Vivado/2019.1\lib\classes\autopilot.scelaborator.jar;C:/Xilinx/Vivado/2019.1\lib\classes\autopilot.sourceprocessor.jar;C:/Xilinx/Vivado/2019.1\lib\classes\autopilot.tbprocessor.jar;C:/Xilinx/Vivado/2019.1\lib\classes\batik-anim.jar;C:/Xilinx/Vivado/2019.1\lib\classes\batik-awt-util.jar;C:/Xilinx/Vivado/2019.1\lib\classes\batik-bridge.jar;C:/Xilinx/Vivado/2019.1\lib\classes\batik-codec.jar;C:/Xilinx/Vivado/2019.1\lib\classes\batik-css.jar;C:/Xilinx/Vivado/2019.1\lib\classes\batik-dom.jar;C:/Xilinx/Vivado/2019.1\lib\classes\batik-ext.jar;C:/Xilinx/Vivado/2019.1\lib\classes\batik-gui-util.jar;C:/Xilinx/Vivado/2019.1\lib\classes\batik-gvt.jar;C:/Xilinx/Vivado/2019.1\lib\classes\batik-parser.jar;C:/Xilinx/Vivado/2019.1\lib\classes\batik-script.jar;C:/Xilinx/Vivado/2019.1\lib\classes\batik-svg-dom.jar;C:/Xilinx/Vivado/2019.1\lib\classes\batik-swing.jar;C:/Xilinx/Vivado/2019.1\lib\classes\batik-transcoder.jar;C:/Xilinx/Vivado/2019.1\lib\classes\batik-util.jar;C:/Xilinx/Vivado/2019.1\lib\classes\batik-xml.jar;C:/Xilinx/Vivado/2019.1\lib\classes\com.google.gson_2.7.0.v20170129-0911.jar;C:/Xilinx/Vivado/2019.1\lib\classes\com.google.guava_21.0.0.v20170206-1425.jar;C:/Xilinx/Vivado/2019.1\lib\classes\com.google.inject_3.0.0.v201605172100.jar;C:/Xilinx/Vivado/2019.1\lib\classes\com.ibm.icu_4.4.2.v20110208.jar;C:/Xilinx/Vivado/2019.1\lib\classes\com.sigasi.hdt.annotations.runtime_4.3.0.201903071210.jar;C:/Xilinx/Vivado/2019.1\lib\classes\com.sigasi.hdt.blockdiagram.model_4.3.0.201903071210.jar;C:/Xilinx/Vivado/2019.1\lib\classes\com.sigasi.hdt.connection_4.3.0.201903071210.jar;C:/Xilinx/Vivado/2019.1\lib\classes\com.sigasi.hdt.dependencies.model_4.3.0.201903071210.jar;C:/Xilinx/Vivado/2019.1\lib\classes\com.sigasi.hdt.epl_4.3.0.201903071210.jar;C:/Xilinx/Vivado/2019.1\lib\classes\com.sigasi.hdt.graphics.model_4.3.0.201903071210.jar;C:/Xilinx/Vivado/2019.1\lib\classes\com.sigasi.hdt.project_4.3.0
Launcher Type: generic

Logging:
Log output configuration:
#0: stdout all=warning uptime,level,tags
#1: stderr all=off uptime,level,tags

Environment Variables:
PATH=C:/Xilinx/Vivado/2019.1/bin;C:/Xilinx/Vivado/2019.1/lib/win64.o;C:/Xilinx/Vivado/2019.1/tps/win64/jre9.0.4/bin/server;C:/Xilinx/Vivado/2019.1/tps/win64/jre9.0.4/bin;C:/Xilinx/SDK/2019.1/bin;C:/Xilinx/Vivado/2019.1/ids_lite/ISE/bin/nt64;C:/Xilinx/Vivado/2019.1/ids_lite/ISE/lib/nt64;C:\WINDOWS\system32;C:\WINDOWS;C:\WINDOWS\System32\Wbem;C:\WINDOWS\System32\WindowsPowerShell\v1.0\;C:\WINDOWS\System32\OpenSSH\;C:\Program Files\PuTTY\;C:\Program Files\MATLAB\R2022b\bin;C:\Program Files\Git\cmd;C:\Users\heath\AppData\Local\Microsoft\WindowsApps;C:\Users\heath\AppData\Local\Programs\Microsoft VS Code\bin;C:\msys64\mingw64\bin;;C:\Users\heath\AppData\Local\Programs\Julia-1.8.5\bin;C:/Xilinx/Vivado/2019.1\tps\mingw\6.2.0\win64.o\nt\bin;C:/Xilinx/Vivado/2019.1\tps\mingw\6.2.0\win64.o\nt\libexec\gcc\x86_64-w64-mingw32\6.2.0;C:/Xilinx/Vivado/2019.1\tps\win64\python-2.7.5;C:/Xilinx/Vivado/2019.1\tps\win64\python-2.7.5\lib;C:/Xilinx/Vivado/2019.1\tps\win64\python-2.7.5\Lib\lib-tk;C:/Xilinx/Vivado/2019.1\tps\win64\python-2.7.5\lib\site-packages
USERNAME=heath
OS=Windows_NT
PROCESSOR_IDENTIFIER=Intel64 Family 6 Model 140 Stepping 1, GenuineIntel



---------------  S Y S T E M  ---------------

OS: Windows 10 , 64 bit Build 22621 (10.0.22621.1485)

CPU:total 8 (initial active 8) (4 cores per cpu, 2 threads per core) family 6 model 140 stepping 1, cmov, cx8, fxsr, mmx, sse, sse2, sse3, ssse3, sse4.1, sse4.2, popcnt, avx, avx2, aes, clmul, erms, 3dnowpref, lzcnt, ht, tsc, tscinvbit, bmi1, bmi2, adx, sha, fma

Memory: 4k page, physical 37526840k(22864264k free), swap 43031864k(25613648k free)

vm_info: Java HotSpot(TM) 64-Bit Server VM (9.0.4+11) for windows-amd64 JRE (9.0.4+11), built on Dec 20 2017 02:18:54 by "mach5one" with MS VC++ 12.0 (VS2013)

END.
